[0.031s] Invoking command in '/home/evan/code/lidar_slam/lidar_slam/build/slam_learn': CMAKE_PREFIX_PATH=${CMAKE_PREFIX_PATH}:/opt/ros/humble /usr/bin/cmake --build /home/evan/code/lidar_slam/lidar_slam/build/slam_learn -- -j4 -l4
[0.052s] -- Found ament_cmake: 1.3.3 (/opt/ros/humble/share/ament_cmake/cmake)
[0.254s] -- Found rclcpp: 16.0.3 (/opt/ros/humble/share/rclcpp/cmake)
[0.297s] -- Found rosidl_generator_c: 3.1.4 (/opt/ros/humble/share/rosidl_generator_c/cmake)
[0.302s] -- Found rosidl_adapter: 3.1.4 (/opt/ros/humble/share/rosidl_adapter/cmake)
[0.309s] -- Found rosidl_generator_cpp: 3.1.4 (/opt/ros/humble/share/rosidl_generator_cpp/cmake)
[0.324s] -- Using all available rosidl_typesupport_c: rosidl_typesupport_fastrtps_c;rosidl_typesupport_introspection_c
[0.344s] -- Using all available rosidl_typesupport_cpp: rosidl_typesupport_fastrtps_cpp;rosidl_typesupport_introspection_cpp
[0.420s] -- Found rmw_implementation_cmake: 6.1.1 (/opt/ros/humble/share/rmw_implementation_cmake/cmake)
[0.426s] -- Found rmw_fastrtps_cpp: 6.2.2 (/opt/ros/humble/share/rmw_fastrtps_cpp/cmake)
[0.592s] -- Using RMW implementation 'rmw_fastrtps_cpp' as default
[0.800s] -- Found sensor_msgs: 4.2.3 (/opt/ros/humble/share/sensor_msgs/cmake)
[0.965s] -- Found pcl_conversions: 2.4.0 (/opt/ros/humble/share/pcl_conversions/cmake)
[1.142s] -- Eigen found (include: /usr/include/eigen3, version: 3.4.0)
[1.176s] -- FLANN found (include: /usr/include, lib: /usr/lib/x86_64-linux-gnu/libflann_cpp.so)
[1.515s] -- OpenNI found (version: 1.5.4.0, include: /usr/include/ni, lib: /usr/lib/libOpenNI.so;libusb::libusb)
[1.523s] -- OpenNI2 found (version: 2.2.0.33, include: /usr/include/openni2, lib: /usr/lib/x86_64-linux-gnu/libOpenNI2.so;libusb::libusb)
[1.523s] [0m** WARNING ** io features related to pcap will be disabled[0m
[1.695s] -- Eigen found (include: /usr/include/eigen3, version: 3.4.0)
[1.702s] -- OpenNI found (version: 1.5.4.0, include: /usr/include/ni, lib: /usr/lib/libOpenNI.so;libusb::libusb)
[1.711s] -- OpenNI2 found (version: 2.2.0.33, include: /usr/include/openni2, lib: /usr/lib/x86_64-linux-gnu/libOpenNI2.so;libusb::libusb)
[1.880s] -- Found Qhull version 8.0.2
[2.054s] -- OpenNI found (version: 1.5.4.0, include: /usr/include/ni, lib: /usr/lib/libOpenNI.so;libusb::libusb)
[2.224s] -- looking for PCL_COMMON
[2.225s] -- looking for PCL_KDTREE
[2.225s] -- looking for PCL_OCTREE
[2.226s] -- looking for PCL_SEARCH
[2.226s] -- looking for PCL_SAMPLE_CONSENSUS
[2.227s] -- looking for PCL_FILTERS
[2.227s] -- looking for PCL_2D
[2.228s] -- looking for PCL_GEOMETRY
[2.228s] -- looking for PCL_IO
[2.229s] -- looking for PCL_FEATURES
[2.229s] -- looking for PCL_ML
[2.230s] -- looking for PCL_SEGMENTATION
[2.231s] -- looking for PCL_VISUALIZATION
[2.231s] -- looking for PCL_SURFACE
[2.232s] -- looking for PCL_REGISTRATION
[2.233s] -- looking for PCL_KEYPOINTS
[2.233s] -- looking for PCL_TRACKING
[2.234s] -- looking for PCL_RECOGNITION
[2.234s] -- looking for PCL_STEREO
[2.235s] -- looking for PCL_APPS
[2.236s] -- looking for PCL_IN_HAND_SCANNER
[2.236s] -- looking for PCL_MODELER
[2.237s] -- looking for PCL_POINT_CLOUD_EDITOR
[2.237s] -- looking for PCL_OUTOFCORE
[2.237s] -- looking for PCL_PEOPLE
[2.393s] -- Configuring done
[2.419s] -- Generating done
[2.422s] -- Build files have been written to: /home/evan/code/lidar_slam/lidar_slam/build/slam_learn
[2.466s] [ 50%] [32mBuilding CXX object CMakeFiles/data_process_node.dir/src/data_process.cpp.o[0m
[2.491s] In file included from [01m[K/home/evan/code/lidar_slam/lidar_slam/src/slam_learn/src/data_process.cpp:1[m[K:
[2.492s] [01m[K/home/evan/code/lidar_slam/lidar_slam/src/slam_learn/include/slam_learn/slam_utils.h:4:10:[m[K [01;31m[Kfatal error: [m[Kother_msgs/msg/point.hpp: No such file or directory
[2.492s]     4 | #include [01;31m[K"other_msgs/msg/point.hpp"[m[K
[2.492s]       |          [01;31m[K^~~~~~~~~~~~~~~~~~~~~~~~~~[m[K
[2.492s] compilation terminated.
[2.492s] gmake[2]: *** [CMakeFiles/data_process_node.dir/build.make:76: CMakeFiles/data_process_node.dir/src/data_process.cpp.o] Error 1
[2.493s] gmake[1]: *** [CMakeFiles/Makefile2:137: CMakeFiles/data_process_node.dir/all] Error 2
[2.493s] gmake: *** [Makefile:146: all] Error 2
[2.496s] Invoked command in '/home/evan/code/lidar_slam/lidar_slam/build/slam_learn' returned '2': CMAKE_PREFIX_PATH=${CMAKE_PREFIX_PATH}:/opt/ros/humble /usr/bin/cmake --build /home/evan/code/lidar_slam/lidar_slam/build/slam_learn -- -j4 -l4
