In file included from [01m[K/home/evan/code/lidar_slam/lidar_slam/src/slam_learn/src/front_end.cpp:2[m[K:
[01m[K/home/evan/code/lidar_slam/lidar_slam/src/slam_learn/include/slam_learn/lidar_factor.hpp:[m[K In member function â€˜[01m[Kbool lidarslam::GroundFactor::operator()(const T*, const T*, T*) const[m[Kâ€™:
[01m[K/home/evan/code/lidar_slam/lidar_slam/src/slam_learn/include/slam_learn/lidar_factor.hpp:113:66:[m[K [01;31m[Kerror: [m[Kexpected â€˜[01m[K:[m[Kâ€™ before â€˜[01m[K;[m[Kâ€™ token
  113 |         residual[0] = residual[0] < 0 ? -residual[0], residual[0][01;31m[K;[m[K
      |                                                                  [01;31m[K^[m[K
[01m[K/home/evan/code/lidar_slam/lidar_slam/src/slam_learn/include/slam_learn/lidar_factor.hpp:113:66:[m[K [01;31m[Kerror: [m[Kexpected primary-expression before â€˜[01m[K;[m[Kâ€™ token
/home/evan/code/lidar_slam/lidar_slam/src/slam_learn/include/slam_learn/lidar_factor.hpp: In instantiation of â€˜[01m[Kbool lidarslam::GroundFactor::operator()(const T*, const T*, T*) const [with T = double][m[Kâ€™:
[01m[K/usr/local/include/ceres/internal/variadic_evaluate.h:55:17:[m[K   required from â€˜[01m[Kbool ceres::internal::VariadicEvaluateImpl(const Functor&, const T* const*, T*, std::false_type, std::integer_sequence<int, Indices ...>) [with Functor = lidarslam::GroundFactor; T = double; int ...Indices = {0, 1}; std::false_type = std::integral_constant<bool, false>][m[Kâ€™
[01m[K/usr/local/include/ceres/internal/variadic_evaluate.h:77:30:[m[K   required from â€˜[01m[Kbool ceres::internal::VariadicEvaluateImpl(const Functor&, const T* const*, T*, const void*) [with ParameterDims = ceres::internal::ParameterDims<false, 2, 1>; Functor = lidarslam::GroundFactor; T = double][m[Kâ€™
[01m[K/usr/local/include/ceres/internal/variadic_evaluate.h:106:45:[m[K   required from â€˜[01m[Kbool ceres::internal::VariadicEvaluate(const Functor&, const T* const*, T*) [with ParameterDims = ceres::internal::ParameterDims<false, 2, 1>; Functor = lidarslam::GroundFactor; T = double][m[Kâ€™
[01m[K/usr/local/include/ceres/autodiff_cost_function.h:208:55:[m[K   required from â€˜[01m[Kbool ceres::AutoDiffCostFunction<CostFunctor, kNumResiduals, Ns>::Evaluate(const double* const*, double*, double**) const [with CostFunctor = lidarslam::GroundFactor; int kNumResiduals = 1; int ...Ns = {2, 1}][m[Kâ€™
[01m[K/usr/local/include/ceres/autodiff_cost_function.h:201:8:[m[K   required from here
[01m[K/home/evan/code/lidar_slam/lidar_slam/src/slam_learn/include/slam_learn/lidar_factor.hpp:113:53:[m[K [01;35m[Kwarning: [m[Kleft operand of comma operator has no effect [[01;35m[K]8;;https://gcc.gnu.org/onlinedocs/gcc/Warning-Options.html#index-Wunused-value-Wunused-value]8;;[m[K]
  113 |         residual[0] = residual[0] < 0 ? [01;35m[K-residual[0], residual[[m[K0];
      |                                         [01;35m[K~~~~~~~~~~~~^~~~~~~~~~~[m[K
gmake[2]: *** [CMakeFiles/front_end_node.dir/build.make:76: CMakeFiles/front_end_node.dir/src/front_end.cpp.o] Error 1
gmake[1]: *** [CMakeFiles/Makefile2:167: CMakeFiles/front_end_node.dir/all] Error 2
gmake: *** [Makefile:146: all] Error 2
