[ 12%] [32mBuilding CXX object CMakeFiles/data_process_test.dir/test/data_process_test.cpp.o[0m
[ 25%] [32mBuilding CXX object CMakeFiles/data_process_node.dir/src/data_process.cpp.o[0m
[35m[1mConsolidate compiler generated dependencies of target front_end_node[0m
[ 37%] [32mBuilding CXX object CMakeFiles/back_end_node.dir/src/back_end.cpp.o[0m
[ 50%] [32mBuilding CXX object CMakeFiles/front_end_node.dir/src/front_end.cpp.o[0m
[01m[K/home/evan/code/lidar_slam/lidar_slam/src/slam_learn/test/data_process_test.cpp:[m[K In member function â€˜[01m[Kvoid DataProcessTest::publishPointCloud(const SegCloud&)[m[Kâ€™:
[01m[K/home/evan/code/lidar_slam/lidar_slam/src/slam_learn/test/data_process_test.cpp:25:40:[m[K [01;31m[Kerror: [m[Kâ€˜[01m[Kconst SegCloud[m[Kâ€™ {aka â€˜[01m[Kconst struct other_msgs::msg::SegCloud_<std::allocator<void> >[m[Kâ€™} has no member named â€˜[01m[Kground_cloud[m[Kâ€™
   25 |         groundCloud -> reserve(seg_msg.[01;31m[Kground_cloud[m[K.size());
      |                                        [01;31m[K^~~~~~~~~~~~[m[K
[01m[K/home/evan/code/lidar_slam/lidar_slam/src/slam_learn/test/data_process_test.cpp:34:39:[m[K [01;31m[Kerror: [m[Kâ€˜[01m[Kconst SegCloud[m[Kâ€™ {aka â€˜[01m[Kconst struct other_msgs::msg::SegCloud_<std::allocator<void> >[m[Kâ€™} has no member named â€˜[01m[Kground_cloud[m[Kâ€™
   34 |         for(size_t i = 0; i < seg_msg.[01;31m[Kground_cloud[m[K.size(); ++i){
      |                                       [01;31m[K^~~~~~~~~~~~[m[K
[01m[K/home/evan/code/lidar_slam/lidar_slam/src/slam_learn/test/data_process_test.cpp:36:31:[m[K [01;31m[Kerror: [m[Kâ€˜[01m[Kconst SegCloud[m[Kâ€™ {aka â€˜[01m[Kconst struct other_msgs::msg::SegCloud_<std::allocator<void> >[m[Kâ€™} has no member named â€˜[01m[Kground_cloud[m[Kâ€™
   36 |             point.x = seg_msg.[01;31m[Kground_cloud[m[K[i].x;
      |                               [01;31m[K^~~~~~~~~~~~[m[K
[01m[K/home/evan/code/lidar_slam/lidar_slam/src/slam_learn/test/data_process_test.cpp:37:31:[m[K [01;31m[Kerror: [m[Kâ€˜[01m[Kconst SegCloud[m[Kâ€™ {aka â€˜[01m[Kconst struct other_msgs::msg::SegCloud_<std::allocator<void> >[m[Kâ€™} has no member named â€˜[01m[Kground_cloud[m[Kâ€™
   37 |             point.y = seg_msg.[01;31m[Kground_cloud[m[K[i].y;
      |                               [01;31m[K^~~~~~~~~~~~[m[K
[01m[K/home/evan/code/lidar_slam/lidar_slam/src/slam_learn/test/data_process_test.cpp:38:31:[m[K [01;31m[Kerror: [m[Kâ€˜[01m[Kconst SegCloud[m[Kâ€™ {aka â€˜[01m[Kconst struct other_msgs::msg::SegCloud_<std::allocator<void> >[m[Kâ€™} has no member named â€˜[01m[Kground_cloud[m[Kâ€™
   38 |             point.z = seg_msg.[01;31m[Kground_cloud[m[K[i].z;
      |                               [01;31m[K^~~~~~~~~~~~[m[K
[01m[K/home/evan/code/lidar_slam/lidar_slam/src/slam_learn/test/data_process_test.cpp:39:39:[m[K [01;31m[Kerror: [m[Kâ€˜[01m[Kconst SegCloud[m[Kâ€™ {aka â€˜[01m[Kconst struct other_msgs::msg::SegCloud_<std::allocator<void> >[m[Kâ€™} has no member named â€˜[01m[Kground_cloud[m[Kâ€™
   39 |             point.intensity = seg_msg.[01;31m[Kground_cloud[m[K[i].i;
      |                                       [01;31m[K^~~~~~~~~~~~[m[K
gmake[2]: *** [CMakeFiles/data_process_test.dir/build.make:76: CMakeFiles/data_process_test.dir/test/data_process_test.cpp.o] Error 1
gmake[1]: *** [CMakeFiles/Makefile2:221: CMakeFiles/data_process_test.dir/all] Error 2
gmake[1]: *** Waiting for unfinished jobs....
[ 62%] [32m[1mLinking CXX executable data_process_node[0m
[ 75%] [32m[1mLinking CXX executable front_end_node[0m
[ 75%] Built target data_process_node
[ 75%] Built target front_end_node
[ 87%] [32m[1mLinking CXX executable back_end_node[0m
[ 87%] Built target back_end_node
gmake: *** [Makefile:146: all] Error 2
