[0.023s] Invoking command in '/home/evan/code/lidar_slam/lidar_slam/build/slam_learn': CMAKE_PREFIX_PATH=/home/evan/code/lidar_slam/lidar_slam/install/other_msgs:/home/evan/code/lidar_slam/lidar_slam/install/slam_learn:/home/evan/code/lego-loam/lego/install/lego_loam_sr:/home/evan/code/lego-loam/lego/install/cloud_msgs:/home/evan/code/ndt-loc/install/radar-odometry:/home/evan/code/ndt-loc/install/radar-data:/home/evan/code/ndt-loc/install/ndt-lidar-radar:/home/evan/code/ndt-loc/install/map:/home/evan/code/ndt-loc/install/data-publisher:/home/evan/code/ndt-loc/install/cloud_msgs:/home/evan/code/ndt-loc/install/a-loam:/opt/ros/humble /usr/bin/cmake --build /home/evan/code/lidar_slam/lidar_slam/build/slam_learn -- -j4 -l4
[0.095s] [35m[1mConsolidate compiler generated dependencies of target back_end_node[0m
[0.134s] [ 12%] [32mBuilding CXX object CMakeFiles/front_end_node.dir/src/front_end.cpp.o[0m
[0.149s] [ 37%] Built target data_process_node
[0.154s] [ 62%] Built target data_process_test
[0.180s] [ 75%] [32mBuilding CXX object CMakeFiles/back_end_node.dir/src/back_end.cpp.o[0m
[7.004s] In file included from [01m[K/home/evan/code/lidar_slam/lidar_slam/src/slam_learn/src/front_end.cpp:2[m[K:
[7.004s] [01m[K/home/evan/code/lidar_slam/lidar_slam/src/slam_learn/include/slam_learn/lidar_factor.hpp:[m[K In member function â€˜[01m[Kbool lidarslam::GroundPlaneBack::operator()(const T*, const T*, T*) const[m[Kâ€™:
[7.004s] [01m[K/home/evan/code/lidar_slam/lidar_slam/src/slam_learn/include/slam_learn/lidar_factor.hpp:147:37:[m[K [01;31m[Kerror: [m[Kâ€˜[01m[Kqz[m[Kâ€™ was not declared in this scope; did you mean â€˜[01m[Kqy[m[Kâ€™?
[7.004s]   147 |         Eigen::Matrix<T, 3, 1> lp = [01;31m[Kqz[m[K * qy * qx * cp + txyz;
[7.004s]       |                                     [01;31m[K^~[m[K
[7.004s]       |                                     [32m[Kqy[m[K
[8.285s] In file included from [01m[K/home/evan/code/lidar_slam/lidar_slam/src/slam_learn/src/back_end.cpp:2[m[K:
[8.285s] [01m[K/home/evan/code/lidar_slam/lidar_slam/src/slam_learn/include/slam_learn/lidar_factor.hpp:[m[K In member function â€˜[01m[Kbool lidarslam::GroundPlaneBack::operator()(const T*, const T*, T*) const[m[Kâ€™:
[8.286s] [01m[K/home/evan/code/lidar_slam/lidar_slam/src/slam_learn/include/slam_learn/lidar_factor.hpp:147:37:[m[K [01;31m[Kerror: [m[Kâ€˜[01m[Kqz[m[Kâ€™ was not declared in this scope; did you mean â€˜[01m[Kqy[m[Kâ€™?
[8.286s]   147 |         Eigen::Matrix<T, 3, 1> lp = [01;31m[Kqz[m[K * qy * qx * cp + txyz;
[8.286s]       |                                     [01;31m[K^~[m[K
[8.286s]       |                                     [32m[Kqy[m[K
[13.114s] gmake[2]: *** [CMakeFiles/front_end_node.dir/build.make:76: CMakeFiles/front_end_node.dir/src/front_end.cpp.o] Error 1
[13.114s] gmake[1]: *** [CMakeFiles/Makefile2:169: CMakeFiles/front_end_node.dir/all] Error 2
[13.114s] gmake[1]: *** Waiting for unfinished jobs....
[23.165s] gmake[2]: *** [CMakeFiles/back_end_node.dir/build.make:76: CMakeFiles/back_end_node.dir/src/back_end.cpp.o] Error 1
[23.166s] gmake[1]: *** [CMakeFiles/Makefile2:195: CMakeFiles/back_end_node.dir/all] Error 2
[23.166s] gmake: *** [Makefile:146: all] Error 2
[23.371s] Invoked command in '/home/evan/code/lidar_slam/lidar_slam/build/slam_learn' returned '2': CMAKE_PREFIX_PATH=/home/evan/code/lidar_slam/lidar_slam/install/other_msgs:/home/evan/code/lidar_slam/lidar_slam/install/slam_learn:/home/evan/code/lego-loam/lego/install/lego_loam_sr:/home/evan/code/lego-loam/lego/install/cloud_msgs:/home/evan/code/ndt-loc/install/radar-odometry:/home/evan/code/ndt-loc/install/radar-data:/home/evan/code/ndt-loc/install/ndt-lidar-radar:/home/evan/code/ndt-loc/install/map:/home/evan/code/ndt-loc/install/data-publisher:/home/evan/code/ndt-loc/install/cloud_msgs:/home/evan/code/ndt-loc/install/a-loam:/opt/ros/humble /usr/bin/cmake --build /home/evan/code/lidar_slam/lidar_slam/build/slam_learn -- -j4 -l4
