[0.074s] Invoking command in '/home/evan/code/lidar_slam/lidar_slam/build/slam_learn': CMAKE_PREFIX_PATH=/home/evan/code/lidar_slam/lidar_slam/install/other_msgs:/home/evan/code/lidar_slam/lidar_slam/install/slam_learn:/home/evan/code/lego-loam/lego/install/lego_loam_sr:/home/evan/code/lego-loam/lego/install/cloud_msgs:/home/evan/code/ndt-loc/install/radar-odometry:/home/evan/code/ndt-loc/install/radar-data:/home/evan/code/ndt-loc/install/ndt-lidar-radar:/home/evan/code/ndt-loc/install/map:/home/evan/code/ndt-loc/install/data-publisher:/home/evan/code/ndt-loc/install/cloud_msgs:/home/evan/code/ndt-loc/install/a-loam:/opt/ros/humble /usr/bin/cmake --build /home/evan/code/lidar_slam/lidar_slam/build/slam_learn -- -j4 -l4
[0.123s] [35m[1mConsolidate compiler generated dependencies of target data_process_node[0m
[0.126s] [35m[1mConsolidate compiler generated dependencies of target front_end_node[0m
[0.126s] [35m[1mConsolidate compiler generated dependencies of target data_process_test[0m
[0.166s] [35m[1mConsolidate compiler generated dependencies of target back_end_node[0m
[0.193s] [ 12%] [32mBuilding CXX object CMakeFiles/data_process_test.dir/test/data_process_test.cpp.o[0m
[0.220s] [ 37%] Built target data_process_node
[0.241s] [ 62%] Built target back_end_node
[0.243s] [ 87%] Built target front_end_node
[6.619s] [01m[K/home/evan/code/lidar_slam/lidar_slam/src/slam_learn/test/data_process_test.cpp:[m[K In member function â€˜[01m[Kvoid DataProcessTest::publishPointCloud(const SegCloud&)[m[Kâ€™:
[6.619s] [01m[K/home/evan/code/lidar_slam/lidar_slam/src/slam_learn/test/data_process_test.cpp:25:40:[m[K [01;31m[Kerror: [m[Kâ€˜[01m[Kconst SegCloud[m[Kâ€™ {aka â€˜[01m[Kconst struct other_msgs::msg::SegCloud_<std::allocator<void> >[m[Kâ€™} has no member named â€˜[01m[Kground_cloud[m[Kâ€™
[6.619s]    25 |         groundCloud -> reserve(seg_msg.[01;31m[Kground_cloud[m[K.size());
[6.619s]       |                                        [01;31m[K^~~~~~~~~~~~[m[K
[6.620s] [01m[K/home/evan/code/lidar_slam/lidar_slam/src/slam_learn/test/data_process_test.cpp:34:39:[m[K [01;31m[Kerror: [m[Kâ€˜[01m[Kconst SegCloud[m[Kâ€™ {aka â€˜[01m[Kconst struct other_msgs::msg::SegCloud_<std::allocator<void> >[m[Kâ€™} has no member named â€˜[01m[Kground_cloud[m[Kâ€™
[6.620s]    34 |         for(size_t i = 0; i < seg_msg.[01;31m[Kground_cloud[m[K.size(); ++i){
[6.620s]       |                                       [01;31m[K^~~~~~~~~~~~[m[K
[6.620s] [01m[K/home/evan/code/lidar_slam/lidar_slam/src/slam_learn/test/data_process_test.cpp:36:31:[m[K [01;31m[Kerror: [m[Kâ€˜[01m[Kconst SegCloud[m[Kâ€™ {aka â€˜[01m[Kconst struct other_msgs::msg::SegCloud_<std::allocator<void> >[m[Kâ€™} has no member named â€˜[01m[Kground_cloud[m[Kâ€™
[6.620s]    36 |             point.x = seg_msg.[01;31m[Kground_cloud[m[K[i].x;
[6.620s]       |                               [01;31m[K^~~~~~~~~~~~[m[K
[6.620s] [01m[K/home/evan/code/lidar_slam/lidar_slam/src/slam_learn/test/data_process_test.cpp:37:31:[m[K [01;31m[Kerror: [m[Kâ€˜[01m[Kconst SegCloud[m[Kâ€™ {aka â€˜[01m[Kconst struct other_msgs::msg::SegCloud_<std::allocator<void> >[m[Kâ€™} has no member named â€˜[01m[Kground_cloud[m[Kâ€™
[6.620s]    37 |             point.y = seg_msg.[01;31m[Kground_cloud[m[K[i].y;
[6.620s]       |                               [01;31m[K^~~~~~~~~~~~[m[K
[6.620s] [01m[K/home/evan/code/lidar_slam/lidar_slam/src/slam_learn/test/data_process_test.cpp:38:31:[m[K [01;31m[Kerror: [m[Kâ€˜[01m[Kconst SegCloud[m[Kâ€™ {aka â€˜[01m[Kconst struct other_msgs::msg::SegCloud_<std::allocator<void> >[m[Kâ€™} has no member named â€˜[01m[Kground_cloud[m[Kâ€™
[6.620s]    38 |             point.z = seg_msg.[01;31m[Kground_cloud[m[K[i].z;
[6.620s]       |                               [01;31m[K^~~~~~~~~~~~[m[K
[6.621s] [01m[K/home/evan/code/lidar_slam/lidar_slam/src/slam_learn/test/data_process_test.cpp:39:39:[m[K [01;31m[Kerror: [m[Kâ€˜[01m[Kconst SegCloud[m[Kâ€™ {aka â€˜[01m[Kconst struct other_msgs::msg::SegCloud_<std::allocator<void> >[m[Kâ€™} has no member named â€˜[01m[Kground_cloud[m[Kâ€™
[6.621s]    39 |             point.intensity = seg_msg.[01;31m[Kground_cloud[m[K[i].i;
[6.621s]       |                                       [01;31m[K^~~~~~~~~~~~[m[K
[10.095s] gmake[2]: *** [CMakeFiles/data_process_test.dir/build.make:76: CMakeFiles/data_process_test.dir/test/data_process_test.cpp.o] Error 1
[10.095s] gmake[1]: *** [CMakeFiles/Makefile2:221: CMakeFiles/data_process_test.dir/all] Error 2
[10.096s] gmake: *** [Makefile:146: all] Error 2
[10.098s] Invoked command in '/home/evan/code/lidar_slam/lidar_slam/build/slam_learn' returned '2': CMAKE_PREFIX_PATH=/home/evan/code/lidar_slam/lidar_slam/install/other_msgs:/home/evan/code/lidar_slam/lidar_slam/install/slam_learn:/home/evan/code/lego-loam/lego/install/lego_loam_sr:/home/evan/code/lego-loam/lego/install/cloud_msgs:/home/evan/code/ndt-loc/install/radar-odometry:/home/evan/code/ndt-loc/install/radar-data:/home/evan/code/ndt-loc/install/ndt-lidar-radar:/home/evan/code/ndt-loc/install/map:/home/evan/code/ndt-loc/install/data-publisher:/home/evan/code/ndt-loc/install/cloud_msgs:/home/evan/code/ndt-loc/install/a-loam:/opt/ros/humble /usr/bin/cmake --build /home/evan/code/lidar_slam/lidar_slam/build/slam_learn -- -j4 -l4
