[0.047s] Invoking command in '/home/evan/code/lidar_slam/lidar_slam/build/slam_learn': CMAKE_PREFIX_PATH=/home/evan/code/lidar_slam/lidar_slam/install/other_msgs:/home/evan/code/lidar_slam/lidar_slam/install/slam_learn:/home/evan/code/lego-loam/lego/install/lego_loam_sr:/home/evan/code/lego-loam/lego/install/cloud_msgs:/home/evan/code/ndt-loc/install/radar-odometry:/home/evan/code/ndt-loc/install/radar-data:/home/evan/code/ndt-loc/install/ndt-lidar-radar:/home/evan/code/ndt-loc/install/map:/home/evan/code/ndt-loc/install/data-publisher:/home/evan/code/ndt-loc/install/cloud_msgs:/home/evan/code/ndt-loc/install/a-loam:/opt/ros/humble /usr/bin/cmake --build /home/evan/code/lidar_slam/lidar_slam/build/slam_learn -- -j4 -l4
[0.130s] [ 33%] Built target data_process_node
[0.140s] [35m[1mConsolidate compiler generated dependencies of target front_end_node[0m
[0.143s] [35m[1mConsolidate compiler generated dependencies of target back_end_node[0m
[0.182s] [ 50%] [32mBuilding CXX object CMakeFiles/front_end_node.dir/src/front_end.cpp.o[0m
[0.192s] [ 83%] Built target back_end_node
[7.517s] [01m[K/home/evan/code/lidar_slam/lidar_slam/src/slam_learn/src/front_end.cpp:[m[K In constructor â€˜[01m[Klidarslam::FrontEnd::FrontEnd(const string&)[m[Kâ€™:
[7.518s] [01m[K/home/evan/code/lidar_slam/lidar_slam/src/slam_learn/src/front_end.cpp:86:27:[m[K [01;31m[Kerror: [m[Kno matching function for call to â€˜[01m[KEigen::Map<Eigen::Quaternion<double>, 0>::Map()[m[Kâ€™
[7.518s]    86 |           t_w_curr(0, 0, 0[01;31m[K)[m[K
[7.518s]       |                           [01;31m[K^[m[K
[7.518s] In file included from [01m[K/usr/include/eigen3/Eigen/Geometry:42[m[K,
[7.518s]                  from [01m[K/usr/include/eigen3/Eigen/Dense:6[m[K,
[7.518s]                  from [01m[K/home/evan/code/lidar_slam/lidar_slam/src/slam_learn/include/slam_learn/slam_utils.h:16[m[K,
[7.518s]                  from [01m[K/home/evan/code/lidar_slam/lidar_slam/src/slam_learn/src/front_end.cpp:1[m[K:
[7.518s] [01m[K/usr/include/eigen3/Eigen/src/Geometry/Quaternion.h:458:52:[m[K [01;36m[Knote: [m[Kcandidate: â€˜[01m[KEigen::Map<Eigen::Quaternion<_Scalar>, _Options>::Map(Eigen::Map<Eigen::Quaternion<_Scalar>, _Options>::Scalar*) [with _Scalar = double; int _Options = 0; Eigen::Map<Eigen::Quaternion<_Scalar>, _Options>::Scalar = double][m[Kâ€™
[7.518s]   458 |     EIGEN_DEVICE_FUNC explicit EIGEN_STRONG_INLINE [01;36m[KMap[m[K(Scalar* coeffs) : m_coeffs(coeffs) {}
[7.518s]       |                                                    [01;36m[K^~~[m[K
[7.518s] [01m[K/usr/include/eigen3/Eigen/src/Geometry/Quaternion.h:458:52:[m[K [01;36m[Knote: [m[K  candidate expects 1 argument, 0 provided
[7.518s] In file included from [01m[K/usr/include/eigen3/Eigen/Core:19[m[K,
[7.518s]                  from [01m[K/usr/include/eigen3/Eigen/Dense:1[m[K,
[7.518s]                  from [01m[K/home/evan/code/lidar_slam/lidar_slam/src/slam_learn/include/slam_learn/slam_utils.h:16[m[K,
[7.519s]                  from [01m[K/home/evan/code/lidar_slam/lidar_slam/src/slam_learn/src/front_end.cpp:1[m[K:
[7.519s] [01m[K/usr/include/eigen3/Eigen/src/Geometry/Quaternion.h:449:5:[m[K [01;36m[Knote: [m[Kcandidate: â€˜[01m[KEigen::Map<Eigen::Quaternion<_Scalar>, _Options>::Map(const Eigen::Map<Eigen::Quaternion<_Scalar>, _Options>&) [with _Scalar = double; int _Options = 0][m[Kâ€™
[7.519s]   449 |     [01;36m[KEIGEN_INHERIT_ASSIGNMENT_OPERATORS[m[K(Map)
[7.519s]       |     [01;36m[K^~~~~~~~~~~~~~~~~~~~~~~~~~~~~~~~~~[m[K
[7.519s] [01m[K/usr/include/eigen3/Eigen/src/Geometry/Quaternion.h:449:5:[m[K [01;36m[Knote: [m[K  candidate expects 1 argument, 0 provided
[7.519s] [01m[K/home/evan/code/lidar_slam/lidar_slam/src/slam_learn/src/front_end.cpp:86:27:[m[K [01;31m[Kerror: [m[Kno matching function for call to â€˜[01m[KEigen::Map<Eigen::Matrix<double, 3, 1>, 0, Eigen::Stride<0, 0> >::Map()[m[Kâ€™
[7.519s]    86 |           t_w_curr(0, 0, 0[01;31m[K)[m[K
[7.519s]       |                           [01;31m[K^[m[K
[7.519s] In file included from [01m[K/usr/include/eigen3/Eigen/Core:19[m[K,
[7.519s]                  from [01m[K/usr/include/eigen3/Eigen/Dense:1[m[K,
[7.519s]                  from [01m[K/home/evan/code/lidar_slam/lidar_slam/src/slam_learn/include/slam_learn/slam_utils.h:16[m[K,
[7.519s]                  from [01m[K/home/evan/code/lidar_slam/lidar_slam/src/slam_learn/src/front_end.cpp:1[m[K:
[7.519s] [01m[K/usr/include/eigen3/Eigen/src/Core/Map.h:162:5:[m[K [01;36m[Knote: [m[Kcandidate: â€˜[01m[KEigen::Map<MatrixType, MapOptions, StrideType>::Map(const Eigen::Map<MatrixType, MapOptions, StrideType>&) [with PlainObjectType = Eigen::Matrix<double, 3, 1>; int MapOptions = 0; StrideType = Eigen::Stride<0, 0>][m[Kâ€™
[7.519s]   162 |     [01;36m[KEIGEN_INHERIT_ASSIGNMENT_OPERATORS[m[K(Map)
[7.520s]       |     [01;36m[K^~~~~~~~~~~~~~~~~~~~~~~~~~~~~~~~~~[m[K
[7.520s] [01m[K/usr/include/eigen3/Eigen/src/Core/Map.h:162:5:[m[K [01;36m[Knote: [m[K  candidate expects 1 argument, 0 provided
[7.520s] In file included from [01m[K/usr/include/eigen3/Eigen/Core:307[m[K,
[7.520s]                  from [01m[K/usr/include/eigen3/Eigen/Dense:1[m[K,
[7.520s]                  from [01m[K/home/evan/code/lidar_slam/lidar_slam/src/slam_learn/include/slam_learn/slam_utils.h:16[m[K,
[7.520s]                  from [01m[K/home/evan/code/lidar_slam/lidar_slam/src/slam_learn/src/front_end.cpp:1[m[K:
[7.520s] [01m[K/usr/include/eigen3/Eigen/src/Core/Map.h:156:12:[m[K [01;36m[Knote: [m[Kcandidate: â€˜[01m[KEigen::Map<MatrixType, MapOptions, StrideType>::Map(Eigen::Map<MatrixType, MapOptions, StrideType>::PointerArgType, Eigen::Index, Eigen::Index, const StrideType&) [with PlainObjectType = Eigen::Matrix<double, 3, 1>; int MapOptions = 0; StrideType = Eigen::Stride<0, 0>; Eigen::Map<MatrixType, MapOptions, StrideType>::PointerArgType = double*; Eigen::Index = long int][m[Kâ€™
[7.520s]   156 |     inline [01;36m[KMap[m[K(PointerArgType dataPtr, Index rows, Index cols, const StrideType& stride = StrideType())
[7.520s]       |            [01;36m[K^~~[m[K
[7.520s] [01m[K/usr/include/eigen3/Eigen/src/Core/Map.h:156:12:[m[K [01;36m[Knote: [m[K  candidate expects 4 arguments, 0 provided
[7.520s] [01m[K/usr/include/eigen3/Eigen/src/Core/Map.h:142:12:[m[K [01;36m[Knote: [m[Kcandidate: â€˜[01m[KEigen::Map<MatrixType, MapOptions, StrideType>::Map(Eigen::Map<MatrixType, MapOptions, StrideType>::PointerArgType, Eigen::Index, const StrideType&) [with PlainObjectType = Eigen::Matrix<double, 3, 1>; int MapOptions = 0; StrideType = Eigen::Stride<0, 0>; Eigen::Map<MatrixType, MapOptions, StrideType>::PointerArgType = double*; Eigen::Index = long int][m[Kâ€™
[7.520s]   142 |     inline [01;36m[KMap[m[K(PointerArgType dataPtr, Index size, const StrideType& stride = StrideType())
[7.520s]       |            [01;36m[K^~~[m[K
[7.520s] [01m[K/usr/include/eigen3/Eigen/src/Core/Map.h:142:12:[m[K [01;36m[Knote: [m[K  candidate expects 3 arguments, 0 provided
[7.521s] [01m[K/usr/include/eigen3/Eigen/src/Core/Map.h:129:21:[m[K [01;36m[Knote: [m[Kcandidate: â€˜[01m[KEigen::Map<MatrixType, MapOptions, StrideType>::Map(Eigen::Map<MatrixType, MapOptions, StrideType>::PointerArgType, const StrideType&) [with PlainObjectType = Eigen::Matrix<double, 3, 1>; int MapOptions = 0; StrideType = Eigen::Stride<0, 0>; Eigen::Map<MatrixType, MapOptions, StrideType>::PointerArgType = double*][m[Kâ€™
[7.521s]   129 |     explicit inline [01;36m[KMap[m[K(PointerArgType dataPtr, const StrideType& stride = StrideType())
[7.521s]       |                     [01;36m[K^~~[m[K
[7.521s] [01m[K/usr/include/eigen3/Eigen/src/Core/Map.h:129:21:[m[K [01;36m[Knote: [m[K  candidate expects 2 arguments, 0 provided
[13.782s] gmake[2]: *** [CMakeFiles/front_end_node.dir/build.make:76: CMakeFiles/front_end_node.dir/src/front_end.cpp.o] Error 1
[13.783s] gmake[1]: *** [CMakeFiles/Makefile2:167: CMakeFiles/front_end_node.dir/all] Error 2
[13.783s] gmake: *** [Makefile:146: all] Error 2
[13.786s] Invoked command in '/home/evan/code/lidar_slam/lidar_slam/build/slam_learn' returned '2': CMAKE_PREFIX_PATH=/home/evan/code/lidar_slam/lidar_slam/install/other_msgs:/home/evan/code/lidar_slam/lidar_slam/install/slam_learn:/home/evan/code/lego-loam/lego/install/lego_loam_sr:/home/evan/code/lego-loam/lego/install/cloud_msgs:/home/evan/code/ndt-loc/install/radar-odometry:/home/evan/code/ndt-loc/install/radar-data:/home/evan/code/ndt-loc/install/ndt-lidar-radar:/home/evan/code/ndt-loc/install/map:/home/evan/code/ndt-loc/install/data-publisher:/home/evan/code/ndt-loc/install/cloud_msgs:/home/evan/code/ndt-loc/install/a-loam:/opt/ros/humble /usr/bin/cmake --build /home/evan/code/lidar_slam/lidar_slam/build/slam_learn -- -j4 -l4
