[0.049s] Invoking command in '/home/evan/code/lidar_slam/lidar_slam/build/slam_learn': CMAKE_PREFIX_PATH=/home/evan/code/lidar_slam/lidar_slam/install/other_msgs:/home/evan/code/lidar_slam/lidar_slam/install/slam_learn:/home/evan/code/lego-loam/lego/install/lego_loam_sr:/home/evan/code/lego-loam/lego/install/cloud_msgs:/home/evan/code/ndt-loc/install/radar-odometry:/home/evan/code/ndt-loc/install/radar-data:/home/evan/code/ndt-loc/install/ndt-lidar-radar:/home/evan/code/ndt-loc/install/map:/home/evan/code/ndt-loc/install/data-publisher:/home/evan/code/ndt-loc/install/cloud_msgs:/home/evan/code/ndt-loc/install/a-loam:/opt/ros/humble /usr/bin/cmake --build /home/evan/code/lidar_slam/lidar_slam/build/slam_learn -- -j4 -l4
[0.273s] [ 33%] Built target data_process_node
[0.335s] [35m[1mConsolidate compiler generated dependencies of target back_end_node[0m
[0.393s] [ 50%] [32mBuilding CXX object CMakeFiles/back_end_node.dir/src/back_end.cpp.o[0m
[12.353s] In file included from [01m[K/opt/ros/humble/include/rclcpp/rclcpp/logging.hpp:24[m[K,
[12.354s]                  from [01m[K/opt/ros/humble/include/rclcpp/rclcpp/client.hpp:40[m[K,
[12.354s]                  from [01m[K/opt/ros/humble/include/rclcpp/rclcpp/callback_group.hpp:24[m[K,
[12.354s]                  from [01m[K/opt/ros/humble/include/rclcpp/rclcpp/any_executable.hpp:20[m[K,
[12.354s]                  from [01m[K/opt/ros/humble/include/rclcpp/rclcpp/memory_strategy.hpp:25[m[K,
[12.354s]                  from [01m[K/opt/ros/humble/include/rclcpp/rclcpp/memory_strategies.hpp:18[m[K,
[12.354s]                  from [01m[K/opt/ros/humble/include/rclcpp/rclcpp/executor_options.hpp:20[m[K,
[12.354s]                  from [01m[K/opt/ros/humble/include/rclcpp/rclcpp/executor.hpp:37[m[K,
[12.354s]                  from [01m[K/opt/ros/humble/include/rclcpp/rclcpp/executors/multi_threaded_executor.hpp:25[m[K,
[12.354s]                  from [01m[K/opt/ros/humble/include/rclcpp/rclcpp/executors.hpp:21[m[K,
[12.354s]                  from [01m[K/opt/ros/humble/include/rclcpp/rclcpp/rclcpp.hpp:155[m[K,
[12.354s]                  from [01m[K/home/evan/code/lidar_slam/lidar_slam/src/slam_learn/include/slam_learn/slam_utils.h:20[m[K,
[12.354s]                  from [01m[K/home/evan/code/lidar_slam/lidar_slam/src/slam_learn/src/back_end.cpp:1[m[K:
[12.354s] [01m[K/home/evan/code/lidar_slam/lidar_slam/src/slam_learn/src/back_end.cpp:[m[K In member function â€˜[01m[Kvoid lidarslam::BackEnd::msgAnalysis()[m[Kâ€™:
[12.355s] [01m[K/home/evan/code/lidar_slam/lidar_slam/src/slam_learn/src/back_end.cpp:279:23:[m[K [01;31m[Kerror: [m[Kâ€˜[01m[Kusing AllCloud = struct other_msgs::msg::AllCloud_<std::allocator<void> >[m[Kâ€™ {aka â€˜[01m[Kstruct other_msgs::msg::AllCloud_<std::allocator<void> >[m[Kâ€™} has no member named â€˜[01m[Ktrans_from[m[Kâ€™; did you mean â€˜[01m[Ktrans_form[m[Kâ€™?
[12.355s]   279 |             all_cloud.[01;31m[Ktrans_from[m[K[3], all_cloud.trans_from[4], all_cloud.trans_from[5]);
[12.355s]       |                       [01;31m[K^~~~~~~~~~[m[K
[12.355s] [01m[K/home/evan/code/lidar_slam/lidar_slam/src/slam_learn/src/back_end.cpp:279:48:[m[K [01;31m[Kerror: [m[Kâ€˜[01m[Kusing AllCloud = struct other_msgs::msg::AllCloud_<std::allocator<void> >[m[Kâ€™ {aka â€˜[01m[Kstruct other_msgs::msg::AllCloud_<std::allocator<void> >[m[Kâ€™} has no member named â€˜[01m[Ktrans_from[m[Kâ€™; did you mean â€˜[01m[Ktrans_form[m[Kâ€™?
[12.355s]   279 |             all_cloud.trans_from[3], all_cloud.[01;31m[Ktrans_from[m[K[4], all_cloud.trans_from[5]);
[12.355s]       |                                                [01;31m[K^~~~~~~~~~[m[K
[12.355s] [01m[K/home/evan/code/lidar_slam/lidar_slam/src/slam_learn/src/back_end.cpp:279:73:[m[K [01;31m[Kerror: [m[Kâ€˜[01m[Kusing AllCloud = struct other_msgs::msg::AllCloud_<std::allocator<void> >[m[Kâ€™ {aka â€˜[01m[Kstruct other_msgs::msg::AllCloud_<std::allocator<void> >[m[Kâ€™} has no member named â€˜[01m[Ktrans_from[m[Kâ€™; did you mean â€˜[01m[Ktrans_form[m[Kâ€™?
[12.355s]   279 |             all_cloud.trans_from[3], all_cloud.trans_from[4], all_cloud.[01;31m[Ktrans_from[m[K[5]);
[12.355s]       |                                                                         [01;31m[K^~~~~~~~~~[m[K
[12.454s] [01m[K/home/evan/code/lidar_slam/lidar_slam/src/slam_learn/src/back_end.cpp:[m[K In member function â€˜[01m[Kvoid lidarslam::BackEnd::scan2MapOptimization()[m[Kâ€™:
[12.454s] [01m[K/home/evan/code/lidar_slam/lidar_slam/src/slam_learn/src/back_end.cpp:362:17:[m[K [01;35m[Kwarning: [m[Kunused variable â€˜[01m[KcornerSharpNum[m[Kâ€™ [[01;35m[K]8;;https://gcc.gnu.org/onlinedocs/gcc/Warning-Options.html#index-Wunused-variable-Wunused-variable]8;;[m[K]
[12.454s]   362 |             int [01;35m[KcornerSharpNum[m[K = cornerCloud -> size();
[12.455s]       |                 [01;35m[K^~~~~~~~~~~~~~[m[K
[26.798s] gmake[2]: *** [CMakeFiles/back_end_node.dir/build.make:76: CMakeFiles/back_end_node.dir/src/back_end.cpp.o] Error 1
[26.799s] gmake[1]: *** [CMakeFiles/Makefile2:193: CMakeFiles/back_end_node.dir/all] Error 2
[26.799s] gmake: *** [Makefile:146: all] Error 2
[26.801s] Invoked command in '/home/evan/code/lidar_slam/lidar_slam/build/slam_learn' returned '2': CMAKE_PREFIX_PATH=/home/evan/code/lidar_slam/lidar_slam/install/other_msgs:/home/evan/code/lidar_slam/lidar_slam/install/slam_learn:/home/evan/code/lego-loam/lego/install/lego_loam_sr:/home/evan/code/lego-loam/lego/install/cloud_msgs:/home/evan/code/ndt-loc/install/radar-odometry:/home/evan/code/ndt-loc/install/radar-data:/home/evan/code/ndt-loc/install/ndt-lidar-radar:/home/evan/code/ndt-loc/install/map:/home/evan/code/ndt-loc/install/data-publisher:/home/evan/code/ndt-loc/install/cloud_msgs:/home/evan/code/ndt-loc/install/a-loam:/opt/ros/humble /usr/bin/cmake --build /home/evan/code/lidar_slam/lidar_slam/build/slam_learn -- -j4 -l4
