[35m[1mConsolidate compiler generated dependencies of target other_msgs__rosidl_generator_c[0m
failed to create symbolic link '/home/evan/code/lidar_slam/lidar_slam/build/other_msgs/ament_cmake_python/other_msgs/other_msgs' because existing path cannot be removed: Is a directory
gmake[2]: *** [CMakeFiles/ament_cmake_python_symlink_other_msgs.dir/build.make:70: CMakeFiles/ament_cmake_python_symlink_other_msgs] Error 1
gmake[1]: *** [CMakeFiles/Makefile2:421: CMakeFiles/ament_cmake_python_symlink_other_msgs.dir/all] Error 2
gmake[1]: *** Waiting for unfinished jobs....
[  2%] Built target other_msgs__cpp
[ 12%] Built target other_msgs__rosidl_generator_c
gmake: *** [Makefile:146: all] Error 2
