[01m[K/home/evan/code/lidar_slam/lidar_slam/src/slam_learn/test/data_process_test.cpp:[m[K In lambda function:
[01m[K/home/evan/code/lidar_slam/lidar_slam/src/slam_learn/test/data_process_test.cpp:47:26:[m[K [01;31m[Kerror: [m[Kinvalid use of member function â€˜[01m[Ksize_t rclcpp::PublisherBase::get_subscription_count() const[m[Kâ€™ (did you forget the â€˜[01m[K()[m[Kâ€™ ?)
   47 |             if([01;31m[KpubMsg -> get_subscription_count[m[K != 0){
      |                [01;31m[K~~~~~~~~~~^~~~~~~~~~~~~~~~~~~~~~[m[K
      |                                                [32m[K()[m[K
gmake[2]: *** [CMakeFiles/data_process_test.dir/build.make:76: CMakeFiles/data_process_test.dir/test/data_process_test.cpp.o] Error 1
gmake[1]: *** [CMakeFiles/Makefile2:165: CMakeFiles/data_process_test.dir/all] Error 2
gmake: *** [Makefile:146: all] Error 2
