[1.279s] Invoking command in '/home/evan/code/lidar_slam/lidar_slam/build/slam_learn': CMAKE_PREFIX_PATH=/home/evan/code/lidar_slam/lidar_slam/install/other_msgs:/home/evan/code/lidar_slam/lidar_slam/install/slam_learn:/home/evan/code/lego-loam/lego/install/lego_loam_sr:/home/evan/code/lego-loam/lego/install/cloud_msgs:/home/evan/code/ndt-loc/install/radar-odometry:/home/evan/code/ndt-loc/install/radar-data:/home/evan/code/ndt-loc/install/ndt-lidar-radar:/home/evan/code/ndt-loc/install/map:/home/evan/code/ndt-loc/install/data-publisher:/home/evan/code/ndt-loc/install/cloud_msgs:/home/evan/code/ndt-loc/install/a-loam:/opt/ros/humble /usr/bin/cmake --build /home/evan/code/lidar_slam/lidar_slam/build/slam_learn -- -j4 -l4
[4.009s] [ 25%] [32mBuilding CXX object CMakeFiles/data_process_node.dir/src/data_process.cpp.o[0m
[21.570s] [ 50%] [32m[1mLinking CXX executable data_process_node[0m
[26.279s] [ 50%] Built target data_process_node
[26.316s] [35m[1mConsolidate compiler generated dependencies of target data_process_test[0m
[26.343s] [ 75%] [32mBuilding CXX object CMakeFiles/data_process_test.dir/test/data_process_test.cpp.o[0m
[32.850s] [01m[K/home/evan/code/lidar_slam/lidar_slam/src/slam_learn/test/data_process_test.cpp:[m[K In lambda function:
[32.850s] [01m[K/home/evan/code/lidar_slam/lidar_slam/src/slam_learn/test/data_process_test.cpp:47:26:[m[K [01;31m[Kerror: [m[Kinvalid use of member function â€˜[01m[Ksize_t rclcpp::PublisherBase::get_subscription_count() const[m[Kâ€™ (did you forget the â€˜[01m[K()[m[Kâ€™ ?)
[32.850s]    47 |             if([01;31m[KpubMsg -> get_subscription_count[m[K != 0){
[32.850s]       |                [01;31m[K~~~~~~~~~~^~~~~~~~~~~~~~~~~~~~~~[m[K
[32.851s]       |                                                [32m[K()[m[K
[36.371s] gmake[2]: *** [CMakeFiles/data_process_test.dir/build.make:76: CMakeFiles/data_process_test.dir/test/data_process_test.cpp.o] Error 1
[36.372s] gmake[1]: *** [CMakeFiles/Makefile2:165: CMakeFiles/data_process_test.dir/all] Error 2
[36.374s] gmake: *** [Makefile:146: all] Error 2
[36.375s] Invoked command in '/home/evan/code/lidar_slam/lidar_slam/build/slam_learn' returned '2': CMAKE_PREFIX_PATH=/home/evan/code/lidar_slam/lidar_slam/install/other_msgs:/home/evan/code/lidar_slam/lidar_slam/install/slam_learn:/home/evan/code/lego-loam/lego/install/lego_loam_sr:/home/evan/code/lego-loam/lego/install/cloud_msgs:/home/evan/code/ndt-loc/install/radar-odometry:/home/evan/code/ndt-loc/install/radar-data:/home/evan/code/ndt-loc/install/ndt-lidar-radar:/home/evan/code/ndt-loc/install/map:/home/evan/code/ndt-loc/install/data-publisher:/home/evan/code/ndt-loc/install/cloud_msgs:/home/evan/code/ndt-loc/install/a-loam:/opt/ros/humble /usr/bin/cmake --build /home/evan/code/lidar_slam/lidar_slam/build/slam_learn -- -j4 -l4
