[0.023s] Invoking command in '/home/evan/code/lidar_slam/lidar_slam/build/slam_learn': CMAKE_PREFIX_PATH=/home/evan/code/lidar_slam/lidar_slam/install/other_msgs:/home/evan/code/lidar_slam/lidar_slam/install/slam_learn:/home/evan/code/lego-loam/lego/install/lego_loam_sr:/home/evan/code/lego-loam/lego/install/cloud_msgs:/home/evan/code/ndt-loc/install/radar-odometry:/home/evan/code/ndt-loc/install/radar-data:/home/evan/code/ndt-loc/install/ndt-lidar-radar:/home/evan/code/ndt-loc/install/map:/home/evan/code/ndt-loc/install/data-publisher:/home/evan/code/ndt-loc/install/cloud_msgs:/home/evan/code/ndt-loc/install/a-loam:/opt/ros/humble /usr/bin/cmake /home/evan/code/lidar_slam/lidar_slam/src/slam_learn -DCMAKE_INSTALL_PREFIX=/home/evan/code/lidar_slam/lidar_slam/install/slam_learn
[0.085s] -- The C compiler identification is GNU 11.3.0
[0.150s] -- The CXX compiler identification is GNU 11.3.0
[0.157s] -- Detecting C compiler ABI info
[0.233s] -- Detecting C compiler ABI info - done
[0.242s] -- Check for working C compiler: /usr/bin/cc - skipped
[0.242s] -- Detecting C compile features
[0.242s] -- Detecting C compile features - done
[0.246s] -- Detecting CXX compiler ABI info
[0.336s] -- Detecting CXX compiler ABI info - done
[0.345s] -- Check for working CXX compiler: /usr/bin/c++ - skipped
[0.345s] -- Detecting CXX compile features
[0.346s] -- Detecting CXX compile features - done
[0.349s] -- Found ament_cmake: 1.3.3 (/opt/ros/humble/share/ament_cmake/cmake)
[0.569s] -- Found Python3: /usr/bin/python3.10 (found version "3.10.6") found components: Interpreter 
[0.801s] -- Found rclcpp: 16.0.3 (/opt/ros/humble/share/rclcpp/cmake)
[0.926s] -- Found rosidl_generator_c: 3.1.4 (/opt/ros/humble/share/rosidl_generator_c/cmake)
[0.935s] -- Found rosidl_adapter: 3.1.4 (/opt/ros/humble/share/rosidl_adapter/cmake)
[0.946s] -- Found rosidl_generator_cpp: 3.1.4 (/opt/ros/humble/share/rosidl_generator_cpp/cmake)
[0.964s] -- Using all available rosidl_typesupport_c: rosidl_typesupport_fastrtps_c;rosidl_typesupport_introspection_c
[0.990s] -- Using all available rosidl_typesupport_cpp: rosidl_typesupport_fastrtps_cpp;rosidl_typesupport_introspection_cpp
[1.260s] -- Found rmw_implementation_cmake: 6.1.1 (/opt/ros/humble/share/rmw_implementation_cmake/cmake)
[1.273s] -- Found rmw_fastrtps_cpp: 6.2.2 (/opt/ros/humble/share/rmw_fastrtps_cpp/cmake)
[1.664s] -- Found OpenSSL: /usr/lib/x86_64-linux-gnu/libcrypto.so (found version "3.0.2")  
[1.699s] -- Found FastRTPS: /opt/ros/humble/include  
[1.759s] -- Using RMW implementation 'rmw_fastrtps_cpp' as default
[1.811s] -- Looking for pthread.h
[1.925s] -- Looking for pthread.h - found
[1.926s] -- Performing Test CMAKE_HAVE_LIBC_PTHREAD
[2.006s] -- Performing Test CMAKE_HAVE_LIBC_PTHREAD - Success
[2.008s] -- Found Threads: TRUE  
[2.265s] -- Found sensor_msgs: 4.2.3 (/opt/ros/humble/share/sensor_msgs/cmake)
[2.449s] -- Found nav_msgs: 4.2.3 (/opt/ros/humble/share/nav_msgs/cmake)
[2.596s] -- Found pcl_conversions: 2.4.0 (/opt/ros/humble/share/pcl_conversions/cmake)
[2.854s] -- Checking for module 'eigen3'
[2.900s] --   Found eigen3, version 3.4.0
[2.942s] -- Found Eigen: /usr/include/eigen3 (Required is at least version "3.1") 
[2.942s] -- Eigen found (include: /usr/include/eigen3, version: 3.4.0)
[3.070s] -- Found Boost: /usr/lib/x86_64-linux-gnu/cmake/Boost-1.74.0/BoostConfig.cmake (found suitable version "1.74.0", minimum required is "1.65.0") found components: system filesystem date_time iostreams serialization 
[3.088s] -- Checking for module 'flann'
[3.153s] --   Found flann, version 1.9.1
[3.193s] -- Found FLANN: /usr/lib/x86_64-linux-gnu/libflann_cpp.so  
[3.194s] -- FLANN found (include: /usr/include, lib: /usr/lib/x86_64-linux-gnu/libflann_cpp.so)
[3.251s] -- Found GLEW: /usr/lib/x86_64-linux-gnu/libGLEW.so  
[3.257s] -- Found OpenGL: /usr/lib/x86_64-linux-gnu/libOpenGL.so  found components: OpenGL GLX 
[3.751s] -- Found MPI_C: /usr/lib/x86_64-linux-gnu/libmpi.so (found version "3.1") 
[3.752s] -- Found MPI: TRUE (found version "3.1") found components: C 
[3.755s] -- Found JsonCpp: /usr/lib/x86_64-linux-gnu/libjsoncpp.so (found suitable version "1.9.5", minimum required is "0.7.0") 
[3.765s] -- Found ZLIB: /usr/lib/x86_64-linux-gnu/libz.so (found version "1.2.11") 
[3.783s] -- Found PNG: /usr/lib/x86_64-linux-gnu/libpng.so (found version "1.6.37") 
[3.884s] -- Found Eigen3: /usr/include/eigen3 (found version "3.4.0") 
[4.117s] -- Found X11: /usr/include   
[4.117s] -- Looking for XOpenDisplay in /usr/lib/x86_64-linux-gnu/libX11.so;/usr/lib/x86_64-linux-gnu/libXext.so
[4.256s] -- Looking for XOpenDisplay in /usr/lib/x86_64-linux-gnu/libX11.so;/usr/lib/x86_64-linux-gnu/libXext.so - found
[4.256s] -- Looking for gethostbyname
[4.331s] -- Looking for gethostbyname - found
[4.331s] -- Looking for connect
[4.405s] -- Looking for connect - found
[4.406s] -- Looking for remove
[4.485s] -- Looking for remove - found
[4.485s] -- Looking for shmat
[4.563s] -- Looking for shmat - found
[4.563s] -- Looking for IceConnectionNumber in ICE
[4.642s] -- Looking for IceConnectionNumber in ICE - found
[4.738s] -- Found EXPAT: /usr/lib/x86_64-linux-gnu/libexpat.so (found version "2.4.7") 
[4.825s] -- Found double-conversion: /usr/lib/x86_64-linux-gnu/libdouble-conversion.so  
[4.828s] -- Found LZ4: /usr/lib/x86_64-linux-gnu/liblz4.so (found version "1.9.3") 
[4.830s] -- Found LZMA: /usr/lib/x86_64-linux-gnu/liblzma.so (found version "5.2.5") 
[4.909s] -- Found JPEG: /usr/lib/x86_64-linux-gnu/libjpeg.so (found version "80") 
[4.916s] -- Found TIFF: /usr/lib/x86_64-linux-gnu/libtiff.so (found version "4.3.0")  
[4.922s] -- Found Freetype: /usr/lib/x86_64-linux-gnu/libfreetype.so (found version "2.11.1") 
[5.014s] -- Found utf8cpp: /usr/include/utf8cpp  
[5.160s] -- Checking for module 'libusb-1.0'
[5.193s] --   Found libusb-1.0, version 1.0.25
[5.235s] -- Found libusb: /usr/lib/x86_64-linux-gnu/libusb-1.0.so  
[5.236s] -- Found OpenNI: /usr/lib/libOpenNI.so;libusb::libusb (found version "1.5.4.0") 
[5.236s] -- OpenNI found (version: 1.5.4.0, include: /usr/include/ni, lib: /usr/lib/libOpenNI.so;libusb::libusb)
[5.327s] -- Found OpenNI2: /usr/lib/x86_64-linux-gnu/libOpenNI2.so;libusb::libusb (found version "2.2.0.33") 
[5.327s] -- OpenNI2 found (version: 2.2.0.33, include: /usr/include/openni2, lib: /usr/lib/x86_64-linux-gnu/libOpenNI2.so;libusb::libusb)
[5.327s] [0m** WARNING ** io features related to pcap will be disabled[0m
[5.506s] -- Eigen found (include: /usr/include/eigen3, version: 3.4.0)
[5.513s] -- OpenNI found (version: 1.5.4.0, include: /usr/include/ni, lib: /usr/lib/libOpenNI.so;libusb::libusb)
[5.522s] -- OpenNI2 found (version: 2.2.0.33, include: /usr/include/openni2, lib: /usr/lib/x86_64-linux-gnu/libOpenNI2.so;libusb::libusb)
[5.795s] -- Found Qhull version 8.0.2
[5.965s] -- OpenNI found (version: 1.5.4.0, include: /usr/include/ni, lib: /usr/lib/libOpenNI.so;libusb::libusb)
[6.128s] -- looking for PCL_COMMON
[6.129s] -- Found PCL_COMMON: /usr/lib/x86_64-linux-gnu/libpcl_common.so  
[6.129s] -- looking for PCL_KDTREE
[6.131s] -- Found PCL_KDTREE: /usr/lib/x86_64-linux-gnu/libpcl_kdtree.so  
[6.131s] -- looking for PCL_OCTREE
[6.132s] -- Found PCL_OCTREE: /usr/lib/x86_64-linux-gnu/libpcl_octree.so  
[6.133s] -- looking for PCL_SEARCH
[6.134s] -- Found PCL_SEARCH: /usr/lib/x86_64-linux-gnu/libpcl_search.so  
[6.134s] -- looking for PCL_SAMPLE_CONSENSUS
[6.135s] -- Found PCL_SAMPLE_CONSENSUS: /usr/lib/x86_64-linux-gnu/libpcl_sample_consensus.so  
[6.135s] -- looking for PCL_FILTERS
[6.136s] -- Found PCL_FILTERS: /usr/lib/x86_64-linux-gnu/libpcl_filters.so  
[6.136s] -- looking for PCL_2D
[6.137s] -- Found PCL_2D: /usr/include/pcl-1.12  
[6.137s] -- looking for PCL_GEOMETRY
[6.137s] -- Found PCL_GEOMETRY: /usr/include/pcl-1.12  
[6.137s] -- looking for PCL_IO
[6.138s] -- Found PCL_IO: /usr/lib/x86_64-linux-gnu/libpcl_io.so  
[6.139s] -- looking for PCL_FEATURES
[6.140s] -- Found PCL_FEATURES: /usr/lib/x86_64-linux-gnu/libpcl_features.so  
[6.140s] -- looking for PCL_ML
[6.141s] -- Found PCL_ML: /usr/lib/x86_64-linux-gnu/libpcl_ml.so  
[6.141s] -- looking for PCL_SEGMENTATION
[6.142s] -- Found PCL_SEGMENTATION: /usr/lib/x86_64-linux-gnu/libpcl_segmentation.so  
[6.142s] -- looking for PCL_VISUALIZATION
[6.143s] -- Found PCL_VISUALIZATION: /usr/lib/x86_64-linux-gnu/libpcl_visualization.so  
[6.144s] -- looking for PCL_SURFACE
[6.145s] -- Found PCL_SURFACE: /usr/lib/x86_64-linux-gnu/libpcl_surface.so  
[6.145s] -- looking for PCL_REGISTRATION
[6.146s] -- Found PCL_REGISTRATION: /usr/lib/x86_64-linux-gnu/libpcl_registration.so  
[6.146s] -- looking for PCL_KEYPOINTS
[6.147s] -- Found PCL_KEYPOINTS: /usr/lib/x86_64-linux-gnu/libpcl_keypoints.so  
[6.147s] -- looking for PCL_TRACKING
[6.148s] -- Found PCL_TRACKING: /usr/lib/x86_64-linux-gnu/libpcl_tracking.so  
[6.149s] -- looking for PCL_RECOGNITION
[6.149s] -- Found PCL_RECOGNITION: /usr/lib/x86_64-linux-gnu/libpcl_recognition.so  
[6.150s] -- looking for PCL_STEREO
[6.151s] -- Found PCL_STEREO: /usr/lib/x86_64-linux-gnu/libpcl_stereo.so  
[6.151s] -- looking for PCL_APPS
[6.152s] -- Found PCL_APPS: /usr/lib/x86_64-linux-gnu/libpcl_apps.so  
[6.152s] -- looking for PCL_IN_HAND_SCANNER
[6.153s] -- Found PCL_IN_HAND_SCANNER: /usr/include/pcl-1.12  
[6.153s] -- looking for PCL_MODELER
[6.153s] -- Found PCL_MODELER: /usr/include/pcl-1.12  
[6.153s] -- looking for PCL_POINT_CLOUD_EDITOR
[6.154s] -- Found PCL_POINT_CLOUD_EDITOR: /usr/include/pcl-1.12  
[6.154s] -- looking for PCL_OUTOFCORE
[6.155s] -- Found PCL_OUTOFCORE: /usr/lib/x86_64-linux-gnu/libpcl_outofcore.so  
[6.155s] -- looking for PCL_PEOPLE
[6.156s] -- Found PCL_PEOPLE: /usr/lib/x86_64-linux-gnu/libpcl_people.so  
[6.157s] -- Found PCL: pcl_common;pcl_kdtree;pcl_octree;pcl_search;pcl_sample_consensus;pcl_filters;pcl_io;pcl_features;pcl_ml;pcl_segmentation;pcl_visualization;pcl_surface;pcl_registration;pcl_keypoints;pcl_tracking;pcl_recognition;pcl_stereo;pcl_apps;pcl_outofcore;pcl_people;Boost::system;Boost::filesystem;Boost::date_time;Boost::iostreams;Boost::serialization;/usr/lib/libOpenNI.so;libusb::libusb;/usr/lib/x86_64-linux-gnu/libOpenNI2.so;libusb::libusb;VTK::ChartsCore;VTK::CommonColor;VTK::CommonComputationalGeometry;VTK::CommonCore;VTK::CommonDataModel;VTK::CommonExecutionModel;VTK::CommonMath;VTK::CommonMisc;VTK::CommonTransforms;VTK::FiltersCore;VTK::FiltersExtraction;VTK::FiltersGeneral;VTK::FiltersGeometry;VTK::FiltersModeling;VTK::FiltersSources;VTK::ImagingCore;VTK::ImagingSources;VTK::InteractionImage;VTK::InteractionStyle;VTK::InteractionWidgets;VTK::IOCore;VTK::IOGeometry;VTK::IOImage;VTK::IOLegacy;VTK::IOPLY;VTK::RenderingAnnotation;VTK::RenderingCore;VTK::RenderingContext2D;VTK::RenderingLOD;VTK::RenderingFreeType;VTK::ViewsCore;VTK::ViewsContext2D;VTK::RenderingOpenGL2;VTK::GUISupportQt;FLANN::FLANN;QHULL::QHULL  
[6.157s] -- Found other_msgs: 0.0.0 (/home/evan/code/lidar_slam/lidar_slam/install/other_msgs/share/other_msgs/cmake)
[6.922s] -- Found AMD headers in: /usr/include/suitesparse
[6.923s] -- Found AMD library: /usr/lib/x86_64-linux-gnu/libamd.so
[6.924s] -- Found CAMD headers in: /usr/include/suitesparse
[6.925s] -- Found CAMD library: /usr/lib/x86_64-linux-gnu/libcamd.so
[6.926s] -- Found CCOLAMD headers in: /usr/include/suitesparse
[6.927s] -- Found CCOLAMD library: /usr/lib/x86_64-linux-gnu/libccolamd.so
[6.928s] -- Found CHOLMOD headers in: /usr/include/suitesparse
[6.929s] -- Found CHOLMOD library: /usr/lib/x86_64-linux-gnu/libcholmod.so
[6.930s] -- Found COLAMD headers in: /usr/include/suitesparse
[6.931s] -- Found COLAMD library: /usr/lib/x86_64-linux-gnu/libcolamd.so
[6.932s] -- Found SPQR headers in: /usr/include/suitesparse
[6.933s] -- Found SPQR library: /usr/lib/x86_64-linux-gnu/libspqr.so
[6.934s] -- Found Config headers in: /usr/include/suitesparse
[6.935s] -- Found Config library: /usr/lib/x86_64-linux-gnu/libsuitesparseconfig.so
[6.936s] -- Found Intel Thread Building Blocks (TBB) library (2021.5 / ) include location: . Assuming SuiteSparseQR was compiled with TBB.
[6.936s] -- Looking for shm_open in rt
[7.009s] -- Looking for shm_open in rt - found
[7.010s] -- Adding librt to SuiteSparse_config libraries (required on Linux & Unix [not OSX] if SuiteSparse is compiled with timing).
[7.030s] -- Could NOT find METIS (missing: METIS_INCLUDE_DIR METIS_LIBRARY) 
[7.032s] -- Found SuiteSparse: /usr/include/suitesparse (found suitable version "5.10.1", minimum required is "5.10.1") found components: AMD CAMD CCOLAMD CHOLMOD COLAMD SPQR Config 
[7.036s] -- Found required Ceres dependency: Eigen version 3.4.0 in /usr/share/eigen3/cmake
[7.079s] -- Found required Ceres dependency: glog
[7.080s] -- Found required Ceres dependency: gflags
[7.082s] -- Found Ceres version: 2.2.0 installed in: /usr/local with components: [EigenSparse, SparseLinearAlgebraLibrary, LAPACK, SuiteSparse, SchurSpecializations]
[7.223s] -- GTSAM include directory:  /usr/local/lib/cmake/GTSAM/../../../include
[7.644s] -- Configuring done
[7.869s] -- Generating done
[7.872s] -- Build files have been written to: /home/evan/code/lidar_slam/lidar_slam/build/slam_learn
[7.896s] Invoked command in '/home/evan/code/lidar_slam/lidar_slam/build/slam_learn' returned '0': CMAKE_PREFIX_PATH=/home/evan/code/lidar_slam/lidar_slam/install/other_msgs:/home/evan/code/lidar_slam/lidar_slam/install/slam_learn:/home/evan/code/lego-loam/lego/install/lego_loam_sr:/home/evan/code/lego-loam/lego/install/cloud_msgs:/home/evan/code/ndt-loc/install/radar-odometry:/home/evan/code/ndt-loc/install/radar-data:/home/evan/code/ndt-loc/install/ndt-lidar-radar:/home/evan/code/ndt-loc/install/map:/home/evan/code/ndt-loc/install/data-publisher:/home/evan/code/ndt-loc/install/cloud_msgs:/home/evan/code/ndt-loc/install/a-loam:/opt/ros/humble /usr/bin/cmake /home/evan/code/lidar_slam/lidar_slam/src/slam_learn -DCMAKE_INSTALL_PREFIX=/home/evan/code/lidar_slam/lidar_slam/install/slam_learn
[7.899s] Invoking command in '/home/evan/code/lidar_slam/lidar_slam/build/slam_learn': CMAKE_PREFIX_PATH=/home/evan/code/lidar_slam/lidar_slam/install/other_msgs:/home/evan/code/lidar_slam/lidar_slam/install/slam_learn:/home/evan/code/lego-loam/lego/install/lego_loam_sr:/home/evan/code/lego-loam/lego/install/cloud_msgs:/home/evan/code/ndt-loc/install/radar-odometry:/home/evan/code/ndt-loc/install/radar-data:/home/evan/code/ndt-loc/install/ndt-lidar-radar:/home/evan/code/ndt-loc/install/map:/home/evan/code/ndt-loc/install/data-publisher:/home/evan/code/ndt-loc/install/cloud_msgs:/home/evan/code/ndt-loc/install/a-loam:/opt/ros/humble /usr/bin/cmake --build /home/evan/code/lidar_slam/lidar_slam/build/slam_learn -- -j4 -l4
[7.960s] [ 37%] [32mBuilding CXX object CMakeFiles/data_process_node.dir/src/data_process.cpp.o[0m
[7.960s] [ 37%] [32mBuilding CXX object CMakeFiles/back_end_node.dir/src/back_end.cpp.o[0m
[7.960s] [ 50%] [32mBuilding CXX object CMakeFiles/front_end_node.dir/src/front_end.cpp.o[0m
[7.961s] [ 50%] [32mBuilding CXX object CMakeFiles/data_process_test.dir/test/data_process_test.cpp.o[0m
[22.895s] [01m[K/home/evan/code/lidar_slam/lidar_slam/src/slam_learn/src/back_end.cpp:[m[K In constructor â€˜[01m[Klidarslam::BackEnd::BackEnd()[m[Kâ€™:
[22.920s] [01m[K/home/evan/code/lidar_slam/lidar_slam/src/slam_learn/src/back_end.cpp:66:5:[m[K [01;31m[Kerror: [m[Kno matching function for call to â€˜[01m[Krclcpp::Node::Node()[m[Kâ€™
[22.920s]    66 |     [01;31m[K{[m[K
[22.920s]       |     [01;31m[K^[m[K
[22.920s] In file included from [01m[K/opt/ros/humble/include/rclcpp/rclcpp/executors/single_threaded_executor.hpp:28[m[K,
[22.920s]                  from [01m[K/opt/ros/humble/include/rclcpp/rclcpp/executors.hpp:22[m[K,
[22.920s]                  from [01m[K/opt/ros/humble/include/rclcpp/rclcpp/rclcpp.hpp:155[m[K,
[22.920s]                  from [01m[K/home/evan/code/lidar_slam/lidar_slam/src/slam_learn/include/slam_learn/slam_utils.h:20[m[K,
[22.920s]                  from [01m[K/home/evan/code/lidar_slam/lidar_slam/src/slam_learn/src/back_end.cpp:1[m[K:
[22.921s] [01m[K/opt/ros/humble/include/rclcpp/rclcpp/node.hpp:1294:3:[m[K [01;36m[Knote: [m[Kcandidate: â€˜[01m[Krclcpp::Node::Node(const rclcpp::Node&, const string&)[m[Kâ€™
[22.921s]  1294 |   [01;36m[KNode[m[K(
[22.921s]       |   [01;36m[K^~~~[m[K
[22.921s] [01m[K/opt/ros/humble/include/rclcpp/rclcpp/node.hpp:1294:3:[m[K [01;36m[Knote: [m[K  candidate expects 2 arguments, 0 provided
[22.921s] [01m[K/opt/ros/humble/include/rclcpp/rclcpp/node.hpp:101:12:[m[K [01;36m[Knote: [m[Kcandidate: â€˜[01m[Krclcpp::Node::Node(const string&, const string&, const rclcpp::NodeOptions&)[m[Kâ€™
[22.921s]   101 |   explicit [01;36m[KNode[m[K(
[22.921s]       |            [01;36m[K^~~~[m[K
[22.921s] [01m[K/opt/ros/humble/include/rclcpp/rclcpp/node.hpp:101:12:[m[K [01;36m[Knote: [m[K  candidate expects 3 arguments, 0 provided
[22.921s] [01m[K/opt/ros/humble/include/rclcpp/rclcpp/node.hpp:89:12:[m[K [01;36m[Knote: [m[Kcandidate: â€˜[01m[Krclcpp::Node::Node(const string&, const rclcpp::NodeOptions&)[m[Kâ€™
[22.921s]    89 |   explicit [01;36m[KNode[m[K(
[22.921s]       |            [01;36m[K^~~~[m[K
[22.921s] [01m[K/opt/ros/humble/include/rclcpp/rclcpp/node.hpp:89:12:[m[K [01;36m[Knote: [m[K  candidate expects 2 arguments, 0 provided
[22.921s] [01m[K/home/evan/code/lidar_slam/lidar_slam/src/slam_learn/src/back_end.cpp:[m[K In member function â€˜[01m[Kvoid lidarslam::BackEnd::scan2MapOptimization()[m[Kâ€™:
[22.921s] [01m[K/home/evan/code/lidar_slam/lidar_slam/src/slam_learn/src/back_end.cpp:141:13:[m[K [01;31m[Kerror: [m[Kbreak statement not within loop or switch
[22.922s]   141 |             [01;31m[Kbreak[m[K;
[22.922s]       |             [01;31m[K^~~~~[m[K
[26.252s] In file included from [01m[K/usr/include/x86_64-linux-gnu/c++/11/bits/c++allocator.h:33[m[K,
[26.252s]                  from [01m[K/usr/include/c++/11/bits/allocator.h:46[m[K,
[26.252s]                  from [01m[K/usr/include/c++/11/unordered_map:40[m[K,
[26.252s]                  from [01m[K/usr/include/c++/11/functional:61[m[K,
[26.252s]                  from [01m[K/usr/include/c++/11/pstl/glue_algorithm_defs.h:13[m[K,
[26.252s]                  from [01m[K/usr/include/c++/11/algorithm:74[m[K,
[26.252s]                  from [01m[K/home/evan/code/lidar_slam/lidar_slam/install/other_msgs/include/other_msgs/other_msgs/msg/detail/point__struct.hpp:8[m[K,
[26.252s]                  from [01m[K/home/evan/code/lidar_slam/lidar_slam/install/other_msgs/include/other_msgs/other_msgs/msg/point.hpp:7[m[K,
[26.252s]                  from [01m[K/home/evan/code/lidar_slam/lidar_slam/src/slam_learn/include/slam_learn/slam_utils.h:4[m[K,
[26.252s]                  from [01m[K/home/evan/code/lidar_slam/lidar_slam/src/slam_learn/src/back_end.cpp:1[m[K:
[26.253s] /usr/include/c++/11/ext/new_allocator.h: In instantiation of â€˜[01m[Kvoid __gnu_cxx::new_allocator<_Tp>::construct(_Up*, _Args&& ...) [with _Up = lidarslam::BackEnd; _Args = {const char (&)[9]}; _Tp = lidarslam::BackEnd][m[Kâ€™:
[26.253s] [01m[K/usr/include/c++/11/bits/alloc_traits.h:516:17:[m[K   required from â€˜[01m[Kstatic void std::allocator_traits<std::allocator<_Tp1> >::construct(std::allocator_traits<std::allocator<_Tp1> >::allocator_type&, _Up*, _Args&& ...) [with _Up = lidarslam::BackEnd; _Args = {const char (&)[9]}; _Tp = lidarslam::BackEnd; std::allocator_traits<std::allocator<_Tp1> >::allocator_type = std::allocator<lidarslam::BackEnd>][m[Kâ€™
[26.253s] [01m[K/usr/include/c++/11/bits/shared_ptr_base.h:519:39:[m[K   required from â€˜[01m[Kstd::_Sp_counted_ptr_inplace<_Tp, _Alloc, _Lp>::_Sp_counted_ptr_inplace(_Alloc, _Args&& ...) [with _Args = {const char (&)[9]}; _Tp = lidarslam::BackEnd; _Alloc = std::allocator<lidarslam::BackEnd>; __gnu_cxx::_Lock_policy _Lp = __gnu_cxx::_S_atomic][m[Kâ€™
[26.253s] [01m[K/usr/include/c++/11/bits/shared_ptr_base.h:650:16:[m[K   required from â€˜[01m[Kstd::__shared_count<_Lp>::__shared_count(_Tp*&, std::_Sp_alloc_shared_tag<_Alloc>, _Args&& ...) [with _Tp = lidarslam::BackEnd; _Alloc = std::allocator<lidarslam::BackEnd>; _Args = {const char (&)[9]}; __gnu_cxx::_Lock_policy _Lp = __gnu_cxx::_S_atomic][m[Kâ€™
[26.253s] [01m[K/usr/include/c++/11/bits/shared_ptr_base.h:1342:14:[m[K   required from â€˜[01m[Kstd::__shared_ptr<_Tp, _Lp>::__shared_ptr(std::_Sp_alloc_shared_tag<_Tp>, _Args&& ...) [with _Alloc = std::allocator<lidarslam::BackEnd>; _Args = {const char (&)[9]}; _Tp = lidarslam::BackEnd; __gnu_cxx::_Lock_policy _Lp = __gnu_cxx::_S_atomic][m[Kâ€™
[26.253s] [01m[K/usr/include/c++/11/bits/shared_ptr.h:409:59:[m[K   required from â€˜[01m[Kstd::shared_ptr<_Tp>::shared_ptr(std::_Sp_alloc_shared_tag<_Tp>, _Args&& ...) [with _Alloc = std::allocator<lidarslam::BackEnd>; _Args = {const char (&)[9]}; _Tp = lidarslam::BackEnd][m[Kâ€™
[26.253s] [01m[K/usr/include/c++/11/bits/shared_ptr.h:862:14:[m[K   required from â€˜[01m[Kstd::shared_ptr<_Tp> std::allocate_shared(const _Alloc&, _Args&& ...) [with _Tp = lidarslam::BackEnd; _Alloc = std::allocator<lidarslam::BackEnd>; _Args = {const char (&)[9]}][m[Kâ€™
[26.253s] [01m[K/usr/include/c++/11/bits/shared_ptr.h:878:39:[m[K   required from â€˜[01m[Kstd::shared_ptr<_Tp> std::make_shared(_Args&& ...) [with _Tp = lidarslam::BackEnd; _Args = {const char (&)[9]}][m[Kâ€™
[26.253s] [01m[K/home/evan/code/lidar_slam/lidar_slam/src/slam_learn/src/back_end.cpp:209:51:[m[K   required from here
[26.253s] [01m[K/usr/include/c++/11/ext/new_allocator.h:162:11:[m[K [01;31m[Kerror: [m[Kno matching function for call to â€˜[01m[Klidarslam::BackEnd::BackEnd(const char [9])[m[Kâ€™
[26.253s]   162 |         { [01;31m[K::new((void *)__p) _Up(std::forward<_Args>(__args)...)[m[K; }
[26.253s]       |           [01;31m[K^~~~~~~~~~~~~~~~~~~~~~~~~~~~~~~~~~~~~~~~~~~~~~~~~~~~~~[m[K
[26.253s] [01m[K/home/evan/code/lidar_slam/lidar_slam/src/slam_learn/src/back_end.cpp:65:5:[m[K [01;36m[Knote: [m[Kcandidate: â€˜[01m[Klidarslam::BackEnd::BackEnd()[m[Kâ€™
[26.254s]    65 |     [01;36m[KBackEnd[m[K()
[26.254s]       |     [01;36m[K^~~~~~~[m[K
[26.254s] [01m[K/home/evan/code/lidar_slam/lidar_slam/src/slam_learn/src/back_end.cpp:65:5:[m[K [01;36m[Knote: [m[K  candidate expects 0 arguments, 1 provided
[26.902s] gmake[2]: *** [CMakeFiles/back_end_node.dir/build.make:76: CMakeFiles/back_end_node.dir/src/back_end.cpp.o] Error 1
[26.902s] gmake[1]: *** [CMakeFiles/Makefile2:195: CMakeFiles/back_end_node.dir/all] Error 2
[26.902s] gmake[1]: *** Waiting for unfinished jobs....
[31.999s] [ 75%] [32m[1mLinking CXX executable data_process_test[0m
[32.000s] [ 75%] [32m[1mLinking CXX executable front_end_node[0m
[32.000s] [ 87%] [32m[1mLinking CXX executable data_process_node[0m
[57.051s] [ 87%] Built target data_process_test
[57.084s] [ 87%] Built target data_process_node
[59.104s] [ 87%] Built target front_end_node
[59.106s] gmake: *** [Makefile:146: all] Error 2
[59.481s] Invoked command in '/home/evan/code/lidar_slam/lidar_slam/build/slam_learn' returned '2': CMAKE_PREFIX_PATH=/home/evan/code/lidar_slam/lidar_slam/install/other_msgs:/home/evan/code/lidar_slam/lidar_slam/install/slam_learn:/home/evan/code/lego-loam/lego/install/lego_loam_sr:/home/evan/code/lego-loam/lego/install/cloud_msgs:/home/evan/code/ndt-loc/install/radar-odometry:/home/evan/code/ndt-loc/install/radar-data:/home/evan/code/ndt-loc/install/ndt-lidar-radar:/home/evan/code/ndt-loc/install/map:/home/evan/code/ndt-loc/install/data-publisher:/home/evan/code/ndt-loc/install/cloud_msgs:/home/evan/code/ndt-loc/install/a-loam:/opt/ros/humble /usr/bin/cmake --build /home/evan/code/lidar_slam/lidar_slam/build/slam_learn -- -j4 -l4
