[0.028s] Invoking command in '/home/evan/code/lidar_slam/lidar_slam/build/other_msgs': CMAKE_PREFIX_PATH=${CMAKE_PREFIX_PATH}:/opt/ros/humble /usr/bin/cmake --build /home/evan/code/lidar_slam/lidar_slam/build/other_msgs -- -j4 -l4
[0.064s] -- Found ament_cmake: 1.3.3 (/opt/ros/humble/share/ament_cmake/cmake)
[0.236s] -- Found std_msgs: 4.2.3 (/opt/ros/humble/share/std_msgs/cmake)
[0.266s] -- Found rosidl_generator_c: 3.1.4 (/opt/ros/humble/share/rosidl_generator_c/cmake)
[0.269s] -- Found rosidl_adapter: 3.1.4 (/opt/ros/humble/share/rosidl_adapter/cmake)
[0.276s] -- Found rosidl_generator_cpp: 3.1.4 (/opt/ros/humble/share/rosidl_generator_cpp/cmake)
[0.289s] -- Using all available rosidl_typesupport_c: rosidl_typesupport_fastrtps_c;rosidl_typesupport_introspection_c
[0.309s] -- Using all available rosidl_typesupport_cpp: rosidl_typesupport_fastrtps_cpp;rosidl_typesupport_introspection_cpp
[0.375s] -- Found sensor_msgs: 4.2.3 (/opt/ros/humble/share/sensor_msgs/cmake)
[0.536s] -- Found rosidl_default_generators: 1.2.0 (/opt/ros/humble/share/rosidl_default_generators/cmake)
[0.734s] [31mCMake Error at /opt/ros/humble/share/rosidl_adapter/cmake/rosidl_adapt_interfaces.cmake:59 (message):
[0.735s]   execute_process(/usr/bin/python3.10 -m rosidl_adapter --package-name
[0.735s]   other_msgs --arguments-file
[0.735s]   /home/evan/code/lidar_slam/lidar_slam/build/other_msgs/rosidl_adapter__arguments__other_msgs.json
[0.735s]   --output-dir
[0.735s]   /home/evan/code/lidar_slam/lidar_slam/build/other_msgs/rosidl_adapter/other_msgs
[0.735s]   --output-file
[0.735s]   /home/evan/code/lidar_slam/lidar_slam/build/other_msgs/rosidl_adapter/other_msgs.idls)
[0.735s]   returned error code 1:
[0.735s] 
[0.735s]   Error processing 'Point[] cornerPointLessSharp' of 'other_msgs/AllCloud':
[0.735s]   ''cornerPointLessSharp' is an invalid field name.  It should have the
[0.735s]   pattern '^(?!.*__)(?!.*_$)[a-z][a-z0-9_]*$''
[0.735s] 
[0.735s]   Traceback (most recent call last):
[0.736s] 
[0.736s]     File "/usr/lib/python3.10/runpy.py", line 196, in _run_module_as_main
[0.736s]       return _run_code(code, main_globals, None,
[0.736s]     File "/usr/lib/python3.10/runpy.py", line 86, in _run_code
[0.736s]       exec(code, run_globals)
[0.736s]     File "/opt/ros/humble/local/lib/python3.10/dist-packages/rosidl_adapter/__main__.py", line 19, in <module>
[0.736s]       sys.exit(main())
[0.736s]     File "/opt/ros/humble/local/lib/python3.10/dist-packages/rosidl_adapter/main.py", line 53, in main
[0.736s]       abs_idl_file = convert_to_idl(
[0.736s]     File "/opt/ros/humble/local/lib/python3.10/dist-packages/rosidl_adapter/__init__.py", line 19, in convert_to_idl
[0.736s]       return convert_msg_to_idl(
[0.736s]     File "/opt/ros/humble/local/lib/python3.10/dist-packages/rosidl_adapter/msg/__init__.py", line 28, in convert_msg_to_idl
[0.736s]       msg = parse_message_string(package_name, input_file.stem, content)
[0.737s]     File "/opt/ros/humble/local/lib/python3.10/dist-packages/rosidl_adapter/parser.py", line 519, in parse_message_string
[0.737s]       fields.append(Field(
[0.737s]     File "/opt/ros/humble/local/lib/python3.10/dist-packages/rosidl_adapter/parser.py", line 354, in __init__
[0.737s]       raise NameError(
[0.737s] 
[0.737s]   NameError: 'cornerPointLessSharp' is an invalid field name.  It should have
[0.737s]   the pattern '^(?!.*__)(?!.*_$)[a-z][a-z0-9_]*$'
[0.737s] 
[0.737s] Call Stack (most recent call first):
[0.737s]   /opt/ros/humble/share/rosidl_cmake/cmake/rosidl_generate_interfaces.cmake:130 (rosidl_adapt_interfaces)
[0.737s]   CMakeLists.txt:10 (rosidl_generate_interfaces)
[0.738s] 
[0.738s] [0m
[0.738s] -- Configuring incomplete, errors occurred!
[0.738s] See also "/home/evan/code/lidar_slam/lidar_slam/build/other_msgs/CMakeFiles/CMakeOutput.log".
[0.741s] gmake: *** [Makefile:963: cmake_check_build_system] Error 1
[0.744s] Invoked command in '/home/evan/code/lidar_slam/lidar_slam/build/other_msgs' returned '2': CMAKE_PREFIX_PATH=${CMAKE_PREFIX_PATH}:/opt/ros/humble /usr/bin/cmake --build /home/evan/code/lidar_slam/lidar_slam/build/other_msgs -- -j4 -l4
