[0.320s] Invoking command in '/home/evan/code/lidar_slam/lidar_slam/build/slam_learn': CMAKE_PREFIX_PATH=/home/evan/code/lidar_slam/lidar_slam/install/other_msgs:/home/evan/code/lidar_slam/lidar_slam/install/slam_learn:/home/evan/code/lego-loam/lego/install/lego_loam_sr:/home/evan/code/lego-loam/lego/install/cloud_msgs:/home/evan/code/ndt-loc/install/radar-odometry:/home/evan/code/ndt-loc/install/radar-data:/home/evan/code/ndt-loc/install/ndt-lidar-radar:/home/evan/code/ndt-loc/install/map:/home/evan/code/ndt-loc/install/data-publisher:/home/evan/code/ndt-loc/install/cloud_msgs:/home/evan/code/ndt-loc/install/a-loam:/opt/ros/humble /usr/bin/cmake --build /home/evan/code/lidar_slam/lidar_slam/build/slam_learn -- -j4 -l4
[0.387s] [35m[1mConsolidate compiler generated dependencies of target front_end_node[0m
[0.410s] [ 33%] Built target data_process_node
[0.419s] [ 66%] Built target data_process_test
[0.513s] [ 83%] [32mBuilding CXX object CMakeFiles/front_end_node.dir/src/front_end.cpp.o[0m
[7.029s] In file included from [01m[K/home/evan/code/lidar_slam/lidar_slam/src/slam_learn/src/front_end.cpp:2[m[K:
[7.029s] [01m[K/home/evan/code/lidar_slam/lidar_slam/src/slam_learn/include/slam_learn/lidar_factor.hpp:[m[K In static member function â€˜[01m[Kstatic ceres::CostFunction* lidarslam::GroundPlaneFactor::Create(const VectorXf&, Eigen::Vector3d)[m[Kâ€™:
[7.029s] [01m[K/home/evan/code/lidar_slam/lidar_slam/src/slam_learn/include/slam_learn/lidar_factor.hpp:74:40:[m[K [01;31m[Kerror: [m[Kbinding reference of type â€˜[01m[KEigen::VectorXf&[m[Kâ€™ {aka â€˜[01m[KEigen::Matrix<float, -1, 1>&[m[Kâ€™} to â€˜[01m[Kconst VectorXf[m[Kâ€™ {aka â€˜[01m[Kconst Eigen::Matrix<float, -1, 1>[m[Kâ€™} discards qualifiers
[7.029s]    74 |                 (new GroundPlaneFactor([01;31m[Kcoeffs_[m[K, point_)));
[7.029s]       |                                        [01;31m[K^~~~~~~[m[K
[7.029s] [01m[K/home/evan/code/lidar_slam/lidar_slam/src/slam_learn/include/slam_learn/lidar_factor.hpp:50:40:[m[K [01;36m[Knote: [m[K  initializing argument 1 of â€˜[01m[Klidarslam::GroundPlaneFactor::GroundPlaneFactor(Eigen::VectorXf&, Eigen::Vector3d)[m[Kâ€™
[7.029s]    50 |     GroundPlaneFactor([01;36m[KEigen::VectorXf &coeffs_[m[K, Eigen::Vector3d point_)
[7.029s]       |                       [01;36m[K~~~~~~~~~~~~~~~~~^~~~~~~[m[K
[7.233s] [01m[K/home/evan/code/lidar_slam/lidar_slam/src/slam_learn/src/front_end.cpp:[m[K In member function â€˜[01m[Kvoid lidarslam::FrontEnd::odometry()[m[Kâ€™:
[7.234s] [01m[K/home/evan/code/lidar_slam/lidar_slam/src/slam_learn/src/front_end.cpp:452:17:[m[K [01;35m[Kwarning: [m[Kunused variable â€˜[01m[KsurfFlatNum[m[Kâ€™ [[01;35m[K]8;;https://gcc.gnu.org/onlinedocs/gcc/Warning-Options.html#index-Wunused-variable-Wunused-variable]8;;[m[K]
[7.234s]   452 |             int [01;35m[KsurfFlatNum[m[K = surfFlat -> size();
[7.234s]       |                 [01;35m[K^~~~~~~~~~~[m[K
[12.272s] gmake[2]: *** [CMakeFiles/front_end_node.dir/build.make:76: CMakeFiles/front_end_node.dir/src/front_end.cpp.o] Error 1
[12.272s] gmake[1]: *** [CMakeFiles/Makefile2:167: CMakeFiles/front_end_node.dir/all] Error 2
[12.273s] gmake: *** [Makefile:146: all] Error 2
[12.275s] Invoked command in '/home/evan/code/lidar_slam/lidar_slam/build/slam_learn' returned '2': CMAKE_PREFIX_PATH=/home/evan/code/lidar_slam/lidar_slam/install/other_msgs:/home/evan/code/lidar_slam/lidar_slam/install/slam_learn:/home/evan/code/lego-loam/lego/install/lego_loam_sr:/home/evan/code/lego-loam/lego/install/cloud_msgs:/home/evan/code/ndt-loc/install/radar-odometry:/home/evan/code/ndt-loc/install/radar-data:/home/evan/code/ndt-loc/install/ndt-lidar-radar:/home/evan/code/ndt-loc/install/map:/home/evan/code/ndt-loc/install/data-publisher:/home/evan/code/ndt-loc/install/cloud_msgs:/home/evan/code/ndt-loc/install/a-loam:/opt/ros/humble /usr/bin/cmake --build /home/evan/code/lidar_slam/lidar_slam/build/slam_learn -- -j4 -l4
