[0.416s] Invoking command in '/home/evan/code/lidar_slam/lidar_slam/build/slam_learn': CMAKE_PREFIX_PATH=/home/evan/code/lidar_slam/lidar_slam/install/other_msgs:/home/evan/code/lidar_slam/lidar_slam/install/slam_learn:/home/evan/code/lego-loam/lego/install/lego_loam_sr:/home/evan/code/lego-loam/lego/install/cloud_msgs:/home/evan/code/ndt-loc/install/radar-odometry:/home/evan/code/ndt-loc/install/radar-data:/home/evan/code/ndt-loc/install/ndt-lidar-radar:/home/evan/code/ndt-loc/install/map:/home/evan/code/ndt-loc/install/data-publisher:/home/evan/code/ndt-loc/install/cloud_msgs:/home/evan/code/ndt-loc/install/a-loam:/opt/ros/humble /usr/bin/cmake --build /home/evan/code/lidar_slam/lidar_slam/build/slam_learn -- -j4 -l4
[3.605s] [ 12%] [32mBuilding CXX object CMakeFiles/front_end_node.dir/src/front_end.cpp.o[0m
[3.887s] [ 37%] Built target data_process_test
[3.887s] [ 62%] Built target data_process_node
[4.098s] [35m[1mConsolidate compiler generated dependencies of target back_end_node[0m
[4.224s] [ 75%] [32mBuilding CXX object CMakeFiles/back_end_node.dir/src/back_end.cpp.o[0m
[12.333s] In file included from [01m[K/home/evan/code/lidar_slam/lidar_slam/src/slam_learn/src/front_end.cpp:2[m[K:
[12.333s] [01m[K/home/evan/code/lidar_slam/lidar_slam/src/slam_learn/include/slam_learn/lidar_factor.hpp:[m[K In member function â€˜[01m[Kbool lidarslam::GroundPlaneBack::operator()(const T*, const T*, T*) const[m[Kâ€™:
[12.333s] [01m[K/home/evan/code/lidar_slam/lidar_slam/src/slam_learn/include/slam_learn/lidar_factor.hpp:138:15:[m[K [01;31m[Kerror: [m[Kâ€˜[01m[Kcz[m[Kâ€™ was not declared in this scope; did you mean â€˜[01m[Kqz[m[Kâ€™?
[12.333s]   138 |         qz << [01;31m[Kcz[m[K, -sz, T(0.0),
[12.333s]       |               [01;31m[K^~[m[K
[12.333s]       |               [32m[Kqz[m[K
[12.343s] [01m[K/home/evan/code/lidar_slam/lidar_slam/src/slam_learn/include/slam_learn/lidar_factor.hpp:138:20:[m[K [01;31m[Kerror: [m[Kâ€˜[01m[Ksz[m[Kâ€™ was not declared in this scope; did you mean â€˜[01m[Kqz[m[Kâ€™?
[12.343s]   138 |         qz << cz, -[01;31m[Ksz[m[K, T(0.0),
[12.343s]       |                    [01;31m[K^~[m[K
[12.343s]       |                    [32m[Kqz[m[K
[15.389s] In file included from [01m[K/home/evan/code/lidar_slam/lidar_slam/src/slam_learn/src/back_end.cpp:2[m[K:
[15.389s] [01m[K/home/evan/code/lidar_slam/lidar_slam/src/slam_learn/include/slam_learn/lidar_factor.hpp:[m[K In member function â€˜[01m[Kbool lidarslam::GroundPlaneBack::operator()(const T*, const T*, T*) const[m[Kâ€™:
[15.389s] [01m[K/home/evan/code/lidar_slam/lidar_slam/src/slam_learn/include/slam_learn/lidar_factor.hpp:138:15:[m[K [01;31m[Kerror: [m[Kâ€˜[01m[Kcz[m[Kâ€™ was not declared in this scope; did you mean â€˜[01m[Kqz[m[Kâ€™?
[15.389s]   138 |         qz << [01;31m[Kcz[m[K, -sz, T(0.0),
[15.389s]       |               [01;31m[K^~[m[K
[15.389s]       |               [32m[Kqz[m[K
[15.398s] [01m[K/home/evan/code/lidar_slam/lidar_slam/src/slam_learn/include/slam_learn/lidar_factor.hpp:138:20:[m[K [01;31m[Kerror: [m[Kâ€˜[01m[Ksz[m[Kâ€™ was not declared in this scope; did you mean â€˜[01m[Kqz[m[Kâ€™?
[15.398s]   138 |         qz << cz, -[01;31m[Ksz[m[K, T(0.0),
[15.398s]       |                    [01;31m[K^~[m[K
[15.398s]       |                    [32m[Kqz[m[K
[20.448s] gmake[2]: *** [CMakeFiles/front_end_node.dir/build.make:76: CMakeFiles/front_end_node.dir/src/front_end.cpp.o] Error 1
[20.481s] gmake[1]: *** [CMakeFiles/Makefile2:169: CMakeFiles/front_end_node.dir/all] Error 2
[20.481s] gmake[1]: *** Waiting for unfinished jobs....
[31.924s] gmake[2]: *** [CMakeFiles/back_end_node.dir/build.make:76: CMakeFiles/back_end_node.dir/src/back_end.cpp.o] Error 1
[31.925s] gmake[1]: *** [CMakeFiles/Makefile2:195: CMakeFiles/back_end_node.dir/all] Error 2
[31.925s] gmake: *** [Makefile:146: all] Error 2
[32.165s] Invoked command in '/home/evan/code/lidar_slam/lidar_slam/build/slam_learn' returned '2': CMAKE_PREFIX_PATH=/home/evan/code/lidar_slam/lidar_slam/install/other_msgs:/home/evan/code/lidar_slam/lidar_slam/install/slam_learn:/home/evan/code/lego-loam/lego/install/lego_loam_sr:/home/evan/code/lego-loam/lego/install/cloud_msgs:/home/evan/code/ndt-loc/install/radar-odometry:/home/evan/code/ndt-loc/install/radar-data:/home/evan/code/ndt-loc/install/ndt-lidar-radar:/home/evan/code/ndt-loc/install/map:/home/evan/code/ndt-loc/install/data-publisher:/home/evan/code/ndt-loc/install/cloud_msgs:/home/evan/code/ndt-loc/install/a-loam:/opt/ros/humble /usr/bin/cmake --build /home/evan/code/lidar_slam/lidar_slam/build/slam_learn -- -j4 -l4
