[01m[K/home/evan/code/lidar_slam/lidar_slam/src/slam_learn/src/front_end.cpp:[m[K In member function â€˜[01m[Kvoid lidarslam::FrontEnd::odometry()[m[Kâ€™:
[01m[K/home/evan/code/lidar_slam/lidar_slam/src/slam_learn/src/front_end.cpp:401:64:[m[K [01;35m[Kwarning: [m[Kvariable â€˜[01m[KgroundStr[m[Kâ€™ set but not used [[01;35m[K]8;;https://gcc.gnu.org/onlinedocs/gcc/Warning-Options.html#index-Wunused-but-set-variable-Wunused-but-set-variable]8;;[m[K]
  401 |             std::chrono::time_point<std::chrono::system_clock> [01;35m[KgroundStr[m[K = std::chrono::system_clock::now();
      |                                                                [01;35m[K^~~~~~~~~[m[K
[01m[K/home/evan/code/lidar_slam/lidar_slam/src/slam_learn/src/back_end.cpp:[m[K In member function â€˜[01m[Kvoid lidarslam::BackEnd::init()[m[Kâ€™:
[01m[K/home/evan/code/lidar_slam/lidar_slam/src/slam_learn/src/back_end.cpp:202:9:[m[K [01;31m[Kerror: [m[Kâ€˜[01m[KallKeyFramePose[m[Kâ€™ was not declared in this scope; did you mean â€˜[01m[KallKeyFramesPoses[m[Kâ€™?
  202 |         [01;31m[KallKeyFramePose[m[K.reset(new CloudType());
      |         [01;31m[K^~~~~~~~~~~~~~~[m[K
      |         [32m[KallKeyFramesPoses[m[K
[01m[K/home/evan/code/lidar_slam/lidar_slam/src/slam_learn/src/back_end.cpp:[m[K In member function â€˜[01m[Kvoid lidarslam::BackEnd::extractSurroundingKeyFrames()[m[Kâ€™:
[01m[K/home/evan/code/lidar_slam/lidar_slam/src/slam_learn/src/back_end.cpp:269:58:[m[K [01;31m[Kerror: [m[Kduplicate â€˜[01m[Kconst[m[Kâ€™
  269 |         auto transformPointCloud = [](const CloudTypePtr [01;31m[Kconst[m[K cloud, const pose pose){
      |                                                          [01;31m[K^~~~~[m[K
      |                                                          [31m[K-----[m[K
gmake[2]: *** [CMakeFiles/back_end_node.dir/build.make:76: CMakeFiles/back_end_node.dir/src/back_end.cpp.o] Error 1
gmake[1]: *** [CMakeFiles/Makefile2:193: CMakeFiles/back_end_node.dir/all] Error 2
gmake[1]: *** Waiting for unfinished jobs....
gmake: *** [Makefile:146: all] Error 2
